1 1    999999999
2 2    499999999
4 4    249999999
5 5    199999999
8 8    124999999
10 10    99999999
16 16    62499999
20 20    49999999
25 25    39999999
32 32    31249999
40 40    24999999
50 50    19999999
64 64    15624999
80 80    12499999
100 100    9999999
125 125    7999999
128 128    7812499
160 160    6249999
200 200    4999999
250 250    3999999
256 256    3906249
320 320    3124999
400 400    2499999
500 500    1999999
512 512    1953124
625 625    1599999
640 640    1562499
800 800    1249999
1000 1000    999999
1250 1250    799999
1280 1280    781249
1600 1600    624999
2000 2000    499999
2500 2500    399999
2560 2560    390624
3125 3125    319999
3200 3200    312499
4000 4000    249999
5000 5000    199999
6250 6250    159999
6400 6400    156249
8000 8000    124999
10000 10000    99999
12500 12500    79999
12800 12800    78124
15625 15625    63999
16000 16000    62499
20000 20000    49999
25000 25000    39999
31250 31250    31999
99 249 499 999 1096 1803 1999 2499 4999 7258 9999 31999 39999 49999 62499 63999 78124 79999 99999 124999 156249 159999 199999 249999 312499 319999 390624 399999 499999 624999 781249 799999 999999 1249999 1562499 1599999 1953124 1999999 2499999 3124999 3906249 3999999 4999999 6249999 7812499 7999999 9999999 12499999 15624999 19999999 24999999 31249999 39999999 49999999 62499999 99999999 124999999 199999999 249999999 499999999 999999999
