176
0 3 78
   4 6
   -1 0
   -6 -6
   3 -3
0 4 156
   4 6
   -1 0
   -6 -6
   3 -3
   12 0
0 5 166
   4 6
   -1 0
   -6 -6
   3 -3
   12 0
   11 2
1 4 78
   -1 0
   -6 -6
   3 -3
   12 0
1 5 104
   -1 0
   -6 -6
   3 -3
   12 0
   11 2
1 6 130
   -1 0
   -6 -6
   3 -3
   12 0
   11 2
   10 4
2 5 42
   -6 -6
   3 -3
   12 0
   11 2
2 6 84
   -6 -6
   3 -3
   12 0
   11 2
   10 4
2 7 130
   -6 -6
   3 -3
   12 0
   11 2
   10 4
   7 5
3 6 42
   3 -3
   12 0
   11 2
   10 4
3 7 70
   3 -3
   12 0
   11 2
   10 4
   7 5
4 7 10
   12 0
   11 2
   10 4
   7 5
diff 8
10.50 11.50
20000
0 3 5000
   0 0
   50 0
   100 0
   100 50
0 4 10000
   0 0
   50 0
   100 0
   100 50
   100 100
0 5 15000
   0 0
   50 0
   100 0
   100 50
   100 100
   50 100
1 4 5000
   50 0
   100 0
   100 50
   100 100
1 5 10000
   50 0
   100 0
   100 50
   100 100
   50 100
1 6 15000
   50 0
   100 0
   100 50
   100 100
   50 100
   0 100
2 5 5000
   100 0
   100 50
   100 100
   50 100
2 6 10000
   100 0
   100 50
   100 100
   50 100
   0 100
2 7 15000
   100 0
   100 50
   100 100
   50 100
   0 100
   0 50
3 6 5000
   100 50
   100 100
   50 100
   0 100
3 7 10000
   100 50
   100 100
   50 100
   0 100
   0 50
4 7 5000
   100 100
   50 100
   0 100
   0 50
diff 0
1250.00 1250.00
