0 0.00000000000000000 0.00000000000000000
1 100000000000000000000.00000000000000000 -100000000000000000000.00000000000000000
2 100000000000000000000.00000000000000000 -100000000000000000000.00000000000000000
3 100000000000000000000.00000000000000000 -100000000000000000000.00000000000000000
100000000000000000000.00000000000000000 -100000000000000000000.00000000000000000
0 0.00000000000000000 0.00000000000000000
1 100000000000000000000.00000000000000000 -100000000000000000000.00000000000000000
2 100000000000000000000.00000000000000000 -100000000000000000000.00000000000000000
3 100000000000000000000.00000000000000000 -100000000000000000000.00000000000000000
4 100000000000000000000.00000000000000000 -100000000000000000000.00000000000000000
5 100000000000000000000.00000000000000000 -100000000000000000000.00000000000000000
6 100000000000000000000.00000000000000000 -100000000000000000000.00000000000000000
7 100000000000000000000.00000000000000000 -100000000000000000000.00000000000000000
8 100000000000000000000.00000000000000000 -100000000000000000000.00000000000000000
9 100000000000000000000.00000000000000000 -100000000000000000000.00000000000000000
10 100000000000000000000.00000000000000000 -100000000000000000000.00000000000000000
11 100000000000000000000.00000000000000000 -100000000000000000000.00000000000000000
12 100000000000000000000.00000000000000000 -100000000000000000000.00000000000000000
13 100000000000000000000.00000000000000000 -100000000000000000000.00000000000000000
14 100000000000000000000.00000000000000000 -100000000000000000000.00000000000000000
15 100000000000000000000.00000000000000000 -100000000000000000000.00000000000000000
100000000000000000000.00000000000000000 -100000000000000000000.00000000000000000
