497
0 5 0 5 B
0 11 0 11 B
0 14 0 16 B
0 19 0 19 B
0 21 0 24 B
2 0 2 0 B
5 0 6 0 B
8 0 9 0 B
13 0 13 0 B
16 0 16 0 B
19 0 21 0 B
24 0 24 0 B
1 1 1 4 B
1 8 1 14 B
1 18 1 18 B
3 2 3 2 B
2 3 2 3 B
2 5 3 5 B
4 3 4 3 B
5 2 5 4 B
6 1 8 5 B
6 2 7 2 W
8 3 8 3 W
7 4 7 4 W
9 2 9 3 B
10 4 10 4 B
2 6 4 8 B
3 7 3 7 W
4 10 5 10 B
6 9 6 9 B
7 6 7 6 B
9 6 10 6 B
7 8 7 8 B
7 10 7 10 B
9 8 9 9 B
10 9 10 10 B
5 11 9 11 B
3 12 8 12 B
11 3 11 5 B
12 1 13 3 B
15 1 15 1 B
14 3 15 3 B
16 2 16 2 B
12 5 12 5 B
17 1 17 6 B
12 7 12 7 B
11 8 14 8 B
11 10 12 11 B
14 9 14 12 B
16 7 16 7 B
15 9 15 9 B
16 10 17 11 B
3 13 12 17 B
3 14 3 16 W
4 13 4 13 W
5 16 5 16 W
6 13 6 13 W
6 15 7 17 W
8 16 9 16 W
10 15 11 15 W
10 17 10 17 W
13 15 13 17 B
14 14 14 14 B
14 16 14 16 B
17 14 17 14 B
16 15 16 16 B
17 16 17 17 B
18 1 18 4 B
18 7 18 7 B
18 9 18 10 B
18 12 18 15 B
6 18 7 18 B
9 18 10 18 B
15 18 18 18 B
2 19 6 19 B
8 19 8 19 B
10 19 11 19 B
13 19 18 19 B
1 20 4 20 B
2 23 2 23 B
3 22 3 22 B
3 24 3 24 B
6 22 7 23 B
5 24 6 24 B
8 23 8 24 B
9 21 9 22 B
9 24 10 24 B
12 20 12 21 B
13 22 14 22 B
12 24 13 24 B
15 21 15 21 B
15 23 15 24 B
16 20 17 21 B
17 23 18 23 B
19 2 19 2 B
21 2 23 2 B
23 3 23 3 B
21 4 21 4 B
24 4 24 4 B
23 5 24 5 B
22 7 23 7 B
22 8 22 8 B
19 10 19 10 B
21 10 23 10 B
19 13 20 13 B
23 11 23 12 B
24 12 24 13 B
19 14 19 15 B
20 16 21 16 B
22 14 23 14 B
22 15 22 17 B
24 15 24 16 B
21 18 23 18 B
19 20 19 21 B
19 23 19 24 B
20 20 22 20 B
21 23 22 23 B
20 24 21 24 B
24 21 24 22 B
2 25 2 25 B
4 25 6 25 B
1 26 1 26 B
3 26 3 26 B
5 26 6 26 B
2 27 2 27 B
4 27 5 27 B
1 28 2 28 B
0 30 2 30 B
3 31 3 31 B
5 31 6 31 B
0 32 0 33 B
1 34 1 34 B
2 32 2 35 B
3 32 4 32 B
4 35 4 35 B
6 34 6 35 B
2 36 6 36 B
1 37 1 37 B
2 38 6 38 B
3 39 3 39 B
0 40 2 40 B
5 40 5 40 B
0 41 0 42 B
1 42 3 42 B
1 44 1 44 B
2 45 2 45 B
3 44 3 44 B
5 42 5 42 B
5 44 5 44 B
6 41 6 45 B
1 46 1 47 B
3 47 3 47 B
4 46 6 46 B
4 48 4 48 B
9 25 10 25 B
13 25 14 25 B
19 25 21 25 B
8 26 10 26 B
12 26 13 26 B
15 26 16 26 B
20 26 20 26 B
23 26 24 26 B
7 27 7 28 B
8 28 8 29 B
11 27 11 27 B
10 29 11 29 B
10 30 10 30 B
7 33 8 34 B
8 37 8 37 B
11 31 12 31 B
9 32 10 32 B
9 35 11 35 B
12 32 13 32 B
12 34 12 35 B
12 36 13 36 B
11 37 12 37 B
14 27 14 27 B
15 27 15 29 B
18 27 18 27 B
17 29 18 29 B
14 30 20 37 B
15 30 18 32 W
16 30 17 31 B
18 31 18 31 B
20 31 20 32 W
16 34 16 36 W
17 33 17 33 W
17 35 17 35 W
18 34 18 34 W
20 34 20 34 W
18 35 19 36 W
21 27 21 29 B
22 29 22 30 B
24 31 24 31 B
21 32 22 32 B
22 33 23 35 B
24 34 24 34 B
23 36 23 36 B
7 42 7 43 B
8 38 17 48 B
8 39 10 43 W
10 40 10 41 B
9 43 9 43 B
9 44 10 44 W
10 46 10 46 W
12 38 12 39 W
13 38 14 38 W
13 40 13 40 W
15 39 15 39 W
16 38 17 40 W
16 39 16 39 B
11 45 11 45 W
15 41 16 41 W
12 42 14 42 W
13 43 16 46 W
13 44 13 44 B
14 45 14 45 B
15 44 15 45 B
14 47 14 47 W
17 42 17 42 W
17 45 17 47 W
12 48 13 48 W
15 48 16 48 W
18 39 18 39 B
18 46 18 47 B
19 38 19 38 B
21 38 21 38 B
21 40 22 41 B
19 42 21 42 B
19 43 22 48 B
19 44 19 45 W
21 43 21 44 W
20 45 22 46 W
20 48 21 48 W
23 39 23 39 B
23 42 23 45 B
24 38 24 43 B
9 49 9 49 B
11 49 11 49 B
13 49 13 49 B
21 49 21 49 B
23 49 24 49 B
25 0 44 17 B
25 0 36 14 W
27 0 28 0 B
31 0 32 0 B
25 1 26 1 B
26 4 26 5 B
25 6 25 6 B
26 9 26 9 B
27 3 27 4 B
28 1 29 3 B
30 2 30 2 B
31 3 31 3 B
32 2 32 2 B
27 6 27 6 B
28 6 28 8 B
29 5 32 5 B
30 6 30 6 B
29 8 30 9 B
32 6 32 7 B
33 7 33 8 B
34 3 34 5 B
34 7 34 7 B
25 11 25 11 B
27 10 31 11 B
28 10 28 10 W
33 11 33 11 B
34 10 34 10 B
35 2 35 3 B
35 10 35 11 B
36 1 36 3 B
36 7 36 10 B
25 13 25 13 B
26 12 26 13 B
29 13 29 13 B
31 13 31 13 B
36 12 36 12 B
33 14 35 14 B
26 15 27 15 W
30 15 31 15 W
34 15 34 15 W
27 16 27 16 W
31 16 35 16 W
30 17 33 17 W
37 1 37 1 W
38 0 39 2 W
38 1 38 1 B
41 1 41 1 W
42 0 43 0 W
43 1 43 2 W
37 3 37 4 W
39 4 39 4 W
40 3 40 3 W
41 4 41 4 W
43 4 43 4 W
44 3 44 4 W
37 6 37 8 W
38 5 38 7 W
39 6 39 6 W
41 7 41 8 W
40 9 40 9 W
42 5 42 9 W
44 6 44 8 W
37 15 37 15 W
38 10 38 10 W
40 10 41 10 W
43 10 43 10 W
42 11 43 13 W
42 12 42 12 B
38 14 42 17 W
38 15 38 15 B
40 14 40 15 B
41 15 42 16 B
44 12 44 12 W
44 14 44 14 W
44 16 44 16 W
45 0 45 2 B
45 4 45 7 B
46 6 46 6 B
46 8 46 15 B
47 1 47 3 B
47 11 47 12 B
47 14 47 16 B
27 18 27 18 B
26 19 26 20 B
28 19 28 19 B
27 21 28 21 B
25 22 27 22 B
29 18 29 20 B
29 23 29 23 B
30 18 30 18 B
30 21 30 21 B
31 20 31 20 B
31 22 31 22 B
32 18 33 18 B
32 23 32 23 B
35 18 35 18 B
34 19 34 20 B
34 23 35 23 B
36 18 36 19 B
36 22 36 22 B
37 22 37 23 B
38 18 38 18 B
38 20 38 22 B
39 19 39 19 B
39 23 39 23 B
40 18 41 18 B
41 20 41 21 B
42 21 42 21 B
42 23 43 23 B
44 19 46 19 B
47 20 47 20 B
46 21 46 21 B
48 4 48 4 B
48 6 48 8 B
48 13 48 13 B
48 15 48 15 B
48 17 48 22 B
26 24 30 24 B
36 24 36 24 B
38 24 38 24 B
45 24 46 24 B
49 1 49 1 B
49 4 49 6 B
49 9 49 10 B
49 13 49 18 B
49 22 49 24 B
25 25 25 25 B
25 27 25 27 B
25 30 25 32 B
25 39 25 39 B
25 42 25 45 B
29 25 30 25 B
34 25 35 25 B
37 25 39 25 B
41 25 42 25 B
44 25 44 25 B
47 25 47 25 B
30 26 30 26 B
26 29 26 30 B
26 34 26 34 B
27 28 27 28 B
29 27 29 29 B
27 30 27 32 B
29 31 29 31 B
29 34 29 34 B
31 27 34 27 B
34 28 34 28 B
31 29 32 29 B
30 32 30 33 B
32 30 34 30 B
31 32 31 32 B
33 31 33 32 B
32 33 32 34 B
34 34 34 34 B
31 35 31 35 B
33 35 33 35 B
26 36 30 41 B
26 37 27 37 W
26 39 27 40 W
29 36 29 37 W
29 39 30 39 W
31 37 31 37 B
31 39 31 39 B
31 41 31 41 B
28 42 29 42 B
32 38 32 42 B
26 43 26 43 B
31 43 31 43 B
33 37 33 37 B
33 39 33 39 B
30 44 33 44 B
34 38 34 38 B
34 41 34 42 B
26 45 27 48 B
27 47 27 47 W
29 45 30 45 B
29 46 29 47 B
30 47 30 48 B
28 49 29 49 B
31 48 31 49 B
32 46 33 46 B
33 47 34 47 B
34 48 34 49 B
35 26 35 26 B
35 28 35 31 B
35 33 35 35 B
36 33 36 33 B
37 28 38 29 B
37 35 38 35 B
40 26 40 26 B
39 27 44 34 B
40 27 42 27 W
41 28 43 28 W
39 29 39 29 W
39 31 39 31 W
39 33 39 33 W
40 29 40 30 W
42 29 42 29 W
43 30 43 30 W
41 32 41 33 W
44 31 44 31 W
43 32 43 32 W
42 34 43 34 W
41 35 41 35 B
45 26 45 27 B
46 29 46 29 B
47 26 48 26 B
47 28 47 28 B
48 27 49 27 B
48 29 48 29 B
45 32 45 32 B
47 31 48 31 B
46 35 46 35 B
47 33 49 35 B
48 34 48 34 W
38 36 41 37 B
39 37 39 37 W
40 36 40 36 W
43 36 43 36 B
47 36 47 37 B
36 38 37 40 B
36 39 36 39 W
39 38 39 38 B
40 39 41 40 B
42 38 42 38 B
44 38 44 38 B
43 40 43 40 B
35 41 44 48 B
35 43 35 44 W
40 41 42 41 W
39 42 40 42 W
37 43 41 48 W
38 43 40 43 B
37 44 37 45 B
41 44 41 44 B
38 46 38 47 B
39 45 39 45 B
42 47 42 48 W
43 42 44 42 W
43 44 44 45 W
44 47 44 47 W
39 49 39 49 B
41 49 41 49 B
46 38 47 38 B
45 42 47 42 B
46 43 46 43 B
45 44 47 48 B
47 45 47 45 W
45 46 46 46 W
46 48 46 48 W
48 37 48 42 B
48 47 48 49 B
49 38 49 38 B
49 40 49 41 B
49 44 49 44 B
