0
0
0
0
98
708
868
913
0
874
872
326
31
810
575
423
346
541
29
969
352
502
939
782
754
549
1000
825
543
334
208
497
502
853
539
292
157
827
72
402
785
202
281
474
486
974
363
97
722
47
54
195
123
707
893
434
475
171
434
494
922
651
954
884
978
171
270
749
459
578
454
449
456
58
910
943
858
650
523
56
781
626
677
564
363
662
405
896
548
750
898
152
389
174
142
101
749
197
784
418
792
341
852
739
808
718
737
37
468
728
359
580
776
804
224
287
756
197
98
8
38
905
475
390
64
737
797
151
747
899
123
287
881
307
919
373
303
612
187
851
244
572
967
814
527
182
477
187
810
470
894
796
324
651
992
381
288
58
829
490
456
558
526
86
828
859
865
785
644
788
20
60
942
661
604
385
10
686
503
316
281
481
985
852
74
637
932
59
668
214
833
478
839
225
356
849
130
42
5
316
401
30
322
532
352
849
514
246
433
470
713
294
538
505
843
963
408
942
151
727
161
332
663
253
0
675
639
845
965
376
932
812
846
833
288
75
204
95
708
164
405
515
408
287
786
937
138
916
6
991
80
722
340
909
607
59
451
51
464
797
967
21
755
89
413
515
427
327
869
86
909
940
371
482
25
885
742
579
695
215
424
649
716
462
231
603
347
376
4
99
791
677
163
254
581
460
559
216
533
858
7
924
611
165
836
462
925
101
547
942
763
55
892
611
907
746
52
59
852
466
147
321
585
506
890
514
905
355
122
652
137
864
498
219
695
911
383
635
177
565
575
470
665
382
299
120
473
664
349
100
145
950
147
590
373
628
708
680
197
878
793
191
14
543
830
363
479
510
80
824
906
885
141
848
102
819
401
992
94
589
910
614
9
159
738
882
125
168
329
396
390
128
609
806
417
580
537
290
635
208
280
791
735
433
627
225
301
779
408
492
617
713
165
986
778
742
51
921
500
335
152
509
524
186
206
124
758
801
652
776
694
518
959
349
903
179
813
465
936
493
145
636
77
781
990
805
74
29
3
634
702
338
315
653
416
441
760
146
676
265
1002
415
159
735
577
853
906
220
782
650
369
460
950
687
713
99
309
729
758
576
916
18
505
140
375
545
317
523
91
399
951
329
343
96
250
138
54
932
737
410
905
948
90
295
741
949
157
891
819
48
597
746
98
875
675
941
821
939
152
625
892
816
404
921
347
241
1004
724
518
25
986
220
188
450
702
479
822
595
597
429
603
687
805
830
186
851
64
25
926
518
863
84
150
246
8
505
265
675
267
485
221
202
27
387
301
209
336
377
714
388
217
122
883
635
359
328
953
726
499
189
499
254
218
664
529
97
64
216
30
940
360
105
396
515
852
936
128
786
484
465
196
829
860
558
489
469
638
518
232
758
181
307
405
692
619
674
401
65
15
605
145
508
538
666
780
807
205
1004
905
358
931
219
43
490
483
317
478
29
838
326
979
681
138
324
166
271
209
595
937
285
532
633
238
920
907
242
25
680
447
154
615
215
356
955
303
556
221
915
231
51
700
247
891
572
35
289
443
657
727
624
546
205
35
640
460
797
267
924
348
8
377
353
320
98
69
369
561
95
288
741
848
699
501
260
935
747
1000
368
62
249
810
513
664
896
350
186
281
142
494
703
953
44
607
889
260
222
507
327
430
338
856
680
782
444
586
753
429
315
710
154
256
337
490
727
560
874
141
299
589
610
155
741
769
504
815
726
472
904
335
495
665
71
196
88
764
886
506
809
940
30
146
93
658
66
973
614
355
749
533
292
443
194
36
951
229
1005
473
104
25
591
150
383
645
885
87
846
343
442
484
691
988
853
114
491
302
167
399
540
35
979
781
426
915
411
681
597
295
475
809
98
208
861
369
878
41
973
26
258
9
79
793
27
973
706
149
220
975
188
108
815
767
886
509
170
277
337
479
43
215
310
884
57
634
83
536
490
334
192
543
563
908
894
54
273
706
575
137
652
701
634
128
679
253
198
775
374
812
318
676
486
892
403
930
385
825
49
675
229
148
6
855
195
540
794
297
499
24
533
729
323
666
563
783
747
575
933
414
37
369
174
405
29
767
264
227
626
943
782
315
927
795
111
359
1006
533
962
253
515
99
619
423
991
687
923
108
385
3
286
459
9
713
540
74
147
416
528
881
931
369
934
169
860
118
806
565
309
452
183
908
909
802
859
828
446
207
71
265
702
48
612
859
750
141
238
160
778
811
100
766
635
428
502
14
39
273
835
937
24
429
426
8
570
230
1003
570
922
530
114
248
407
602
959
456
573
872
96
77
121
125
909
872
131
960
640
738
500
581
627
504
497
724
243
887
316
544
779
711
965
697
868
137
369
402
75
304
898
676
185
100
284
885
672
389
486
142
281
845
455
275
550
277
946
485
570
572
482
932
743
254
926
671
576
791
892
250
435
799
465
321
20
908
166
892
622
646
156
721
0
454
160
290
681
378
937
662
125
493
588
977
396
610
254
146
526
505
171
31
35
671
441
30
896
294
695
387
563
834
281
187
478
290
918
134
776
385
24
73
356
154
708
774
519
266
783
831
293
636
800
172
674
74
262
886
170
354
156
706
290
867
423
843
888
434
6
371
864
99
630
883
304
155
875
106
395
514
207
172
495
368
249
720
291
389
49
925
733
429
724
544
257
15
408
978
696
987
222
117
352
205
696
453
650
788
738
568
587
716
557
239
3
596
541
722
595
245
282
174
480
823
917
155
77
287
850
738
860
544
728
354
538
652
697
55
175
619
842
665
802
178
301
282
917
879
345
571
771
899
964
454
68
698
464
534
7
481
657
341
236
631
77
299
615
775
892
71
836
1001
416
261
819
744
531
519
708
733
472
874
589
522
394
481
503
739
451
343
298
770
60
287
610
295
174
121
942
31
594
148
903
799
269
825
870
402
641
954
490
215
258
999
469
602
23
1005
674
74
780
810
564
543
25
67
779
698
990
338
644
807
742
249
603
751
577
539
791
415
697
395
824
149
419
352
138
590
411
831
764
716
6
588
987
827
46
572
157
424
255
543
150
896
33
98
919
176
387
924
887
1005
459
562
795
236
453
786
556
477
596
119
297
708
206
194
228
671
958
461
281
902
1000
94
745
88
435
189
891
498
417
46
373
299
840
714
643
658
547
120
365
334
363
565
877
892
895
11
871
182
503
139
664
157
652
111
631
221
690
603
830
882
292
193
145
33
349
607
733
794
49
347
481
945
468
443
891
975
47
143
40
260
741
810
424
920
365
428
337
601
798
258
927
777
272
711
631
186
198
394
7
742
548
619
914
494
468
399
420
819
108
104
420
39
247
194
637
368
797
465
828
421
178
818
215
476
29
634
296
410
435
119
220
286
972
40
967
32
491
617
1
35
254
219
3
993
788
497
114
340
763
678
347
849
971
231
60
607
692
152
798
624
66
926
1002
797
485
827
487
716
730
545
975
750
198
29
118
412
33
378
566
485
288
396
574
569
677
658
616
953
189
568
841
906
246
512
771
894
82
954
193
426
623
520
610
810
989
369
704
319
972
162
768
958
301
789
127
567
471
828
538
382
4
685
507
463
700
949
763
334
530
399
555
968
644
731
582
237
24
130
529
709
729
601
752
810
143
270
602
104
1001
224
151
11
504
855
770
490
790
405
753
653
484
472
615
111
267
188
712
551
112
256
612
938
60
746
597
179
826
811
985
743
643
112
729
95
647
591
743
583
899
325
279
862
0
641
587
149
851
216
809
762
895
662
924
928
291
262
270
483
443
94
400
115
970
593
443
329
592
997
757
760
855
574
85
108
880
806
784
923
893
488
305
186
223
921
865
990
805
712
670
754
216
876
430
106
98
807
464
403
667
202
734
365
933
118
774
519
40
654
881
908
519
737
174
776
502
789
952
982
164
91
136
704
100
662
614
111
844
1002
111
510
874
615
352
661
359
82
780
383
248
428
514
141
586
993
568
987
635
731
177
860
46
624
374
909
7
259
177
59
455
899
453
869
414
579
35
627
862
23
551
391
221
136
766
434
944
31
782
906
956
994
407
675
980
518
886
344
970
439
132
207
516
467
481
944
495
97
982
670
153
754
101
456
935
299
229
23
280
499
41
605
697
25
1005
446
883
745
555
636
182
637
328
833
73
847
750
214
191
612
149
3
647
805
472
465
684
898
707
228
26
563
520
770
122
911
296
465
452
886
99
982
505
461
927
743
820
967
597
628
15
726
630
439
361
769
939
304
69
1006
607
545
819
316
464
595
627
695
110
309
626
271
965
664
801
689
385
483
329
233
232
562
707
377
126
323
280
605
534
836
982
488
309
409
703
968
972
462
316
930
164
435
885
435
988
487
400
228
80
317
943
717
714
162
180
897
889
792
750
958
971
20
601
922
317
776
231
452
910
218
387
309
24
243
788
755
745
260
789
332
134
77
851
115
315
89
146
661
71
514
234
929
547
668
530
593
487
902
969
70
84
867
280
283
748
104
340
47
718
444
470
665
854
247
389
664
316
243
604
233
501
945
126
363
502
707
234
363
194
254
878
685
854
813
877
459
619
505
552
608
419
383
203
507
639
546
67
981
658
90
254
444
611
844
42
510
135
25
908
578
0
309
412
778
923
318
838
916
496
205
923
730
565
581
235
357
95
46
681
12
35
518
134
850
391
650
874
409
175
577
448
330
750
237
613
498
462
726
346
241
692
391
836
306
297
291
438
108
742
591
481
788
156
114
790
998
655
543
878
313
947
397
298
99
457
203
967
46
409
944
669
99
930
380
344
186
557
887
732
659
88
182
732
971
632
898
953
689
28
439
684
728
368
458
948
660
961
87
272
800
359
574
598
960
580
809
192
554
970
894
741
228
798
357
357
35
35
828
229
190
356
575
24
545
347
128
174
486
525
142
895
734
973
83
229
632
635
343
11
539
31
446
85
880
4
760
29
244
946
428
754
278
649
465
279
448
70
233
402
208
684
706
977
615
724
4
386
791
472
781
848
60
851
540
780
840
126
828
809
780
159
877
233
844
896
913
49
316
716
503
405
630
294
204
301
395
221
419
525
60
465
34
862
883
608
397
938
768
257
90
304
967
431
661
50
909
763
137
964
181
827
151
994
520
732
802
127
93
196
635
570
519
738
749
368
151
158
607
244
128
186
963
51
235
639
460
516
194
957
504
435
201
165
610
630
157
826
389
654
564
464
161
755
755
906
733
402
844
873
194
987
190
931
152
665
12
270
443
818
120
444
623
220
203
20
128
195
414
977
265
384
424
704
933
115
239
261
930
948
700
911
247
562
679
370
201
640
178
21
783
266
895
952
701
152
107
14
32
491
471
29
58
705
859
771
869
296
499
546
735
350
961
568
403
950
150
196
365
337
563
508
510
319
554
263
828
724
73
972
309
400
957
596
721
194
89
666
91
293
831
160
325
720
542
667
577
151
343
643
643
288
245
139
910
295
317
269
192
137
855
127
788
243
372
462
9
69
855
489
449
132
709
978
358
294
288
47
698
1004
481
393
239
656
30
89
493
868
874
626
99
675
927
773
878
511
775
175
602
712
274
226
634
319
399
834
399
235
728
889
179
941
697
599
539
823
36
218
266
965
754
18
189
564
660
951
468
348
451
673
108
866
617
269
446
494
775
362
313
575
428
678
938
91
268
211
497
86
863
895
546
161
673
479
214
545
898
755
954
123
822
976
568
568
952
856
346
655
280
976
530
361
136
569
0
404
490
186
536
302
314
88
494
478
726
823
556
226
644
38
265
967
857
917
449
222
117
249
112
262
81
226
805
881
849
319
775
208
556
279
661
239
153
930
854
702
105
839
698
672
873
193
981
302
295
792
949
274
805
791
890
400
627
847
944
138
849
583
675
66
87
164
819
797
416
525
444
193
473
267
583
101
912
97
756
949
77
16
844
844
629
370
691
873
506
852
35
567
769
925
131
897
23
415
549
988
469
190
230
357
29
93
592
50
845
884
123
687
48
1003
364
866
967
205
101
457
154
149
586
686
485
841
231
109
170
364
797
545
892
209
972
818
122
990
768
179
21
359
406
102
125
379
126
593
732
871
458
165
953
965
540
140
356
633
494
974
27
587
499
79
270
49
551
97
52
739
997
562
263
815
760
188
977
180
541
216
374
729
846
847
110
28
489
539
236
486
326
573
946
758
233
353
353
307
861
452
455
338
726
646
920
238
872
650
781
90
948
964
317
241
601
425
339
475
26
233
332
69
635
844
806
234
626
821
587
287
749
825
188
427
25
342
323
492
207
679
471
991
1
109
868
758
99
492
866
612
151
162
649
230
983
986
637
192
467
925
568
126
394
73
602
778
201
725
941
27
821
502
668
808
294
191
38
827
812
439
333
652
685
729
790
862
357
324
920
53
901
218
55
435
891
149
868
419
911
650
510
952
258
1000
719
515
139
696
188
611
957
815
741
91
649
509
565
238
58
769
375
252
492
122
561
610
815
334
542
831
11
676
474
489
435
992
747
116
497
30
82
258
24
478
971
363
469
610
370
717
162
713
958
758
528
511
947
775
342
61
278
577
484
858
204
577
895
41
803
815
494
520
213
945
644
424
530
25
991
47
891
482
946
159
164
192
374
548
24
11
136
575
940
662
688
724
403
196
209
508
50
195
454
233
788
364
682
431
553
778
878
452
696
301
295
512
456
953
86
966
768
198
281
367
178
734
664
469
953
561
140
264
145
590
700
298
374
883
258
872
247
718
873
894
540
417
952
916
161
507
511
974
383
443
518
144
989
588
829
298
961
99
704
177
356
399
690
674
151
363
856
1004
89
982
717
181
348
104
458
308
59
545
105
110
207
331
496
27
263
303
330
331
712
242
846
374
112
306
953
356
30
586
926
482
144
36
182
946
549
299
774
769
611
819
961
132
481
518
285
106
31
316
968
457
52
319
478
645
386
699
347
623
549
762
481
892
865
803
130
350
198
741
165
154
315
994
341
94
277
126
653
839
386
467
93
820
492
359
884
773
513
827
526
715
931
407
543
107
927
793
470
872
708
12
454
628
878
756
635
936
660
881
60
697
437
534
449
648
299
12
843
575
220
877
596
677
969
730
975
433
453
713
319
636
18
677
556
271
805
1005
671
340
798
869
966
997
130
507
39
335
869
612
961
167
309
928
316
307
646
931
420
252
14
61
296
895
788
493
213
692
367
310
402
769
223
1001
622
965
110
837
400
751
956
453
687
812
476
453
295
911
154
202
681
178
627
629
106
857
266
637
838
529
63
763
690
327
621
284
542
214
425
364
1006
578
83
418
581
90
965
375
961
235
465
346
156
303
126
890
935
132
723
347
801
882
452
414
317
935
261
999
561
802
771
780
455
210
70
847
741
603
215
129
854
807
261
246
989
498
186
315
901
489
208
642
107
2
100
875
273
283
374
891
782
212
782
560
475
336
584
202
389
100
883
557
291
211
211
852
325
427
126
882
911
649
717
303
663
649
628
800
487
852
75
176
337
1002
37
292
847
849
217
800
499
433
906
998
262
673
77
416
968
397
728
701
88
679
395
507
349
116
342
531
714
934
261
294
508
836
460
202
399
806
994
669
706
871
400
104
724
345
296
474
526
318
57
47
646
248
1
927
450
466
355
517
235
155
11
821
697
379
773
909
568
791
338
90
659
1001
199
118
615
165
554
565
208
665
160
1
578
40
743
904
448
543
594
723
440
422
18
792
241
49
523
805
768
198
284
594
490
307
34
739
802
23
753
727
859
101
610
505
721
781
201
683
179
518
930
142
275
444
151
871
136
274
295
464
743
495
381
801
851
270
944
980
19
84
432
188
314
335
449
611
963
757
641
312
222
29
979
502
429
796
96
731
166
752
533
148
397
601
807
309
777
234
874
950
792
314
840
657
965
34
994
881
574
135
489
433
576
886
27
380
321
490
415
910
277
108
979
779
704
635
182
126
931
133
987
905
864
107
669
520
36
932
930
357
457
439
363
89
115
310
443
123
203
674
867
370
618
174
109
226
7
391
252
903
709
777
530
214
329
356
91
423
166
642
438
732
186
175
405
210
65
272
468
125
618
1001
790
468
613
712
603
80
32
95
363
693
936
672
733
350
44
107
696
327
640
43
671
591
308
103
517
174
459
728
680
505
937
486
732
860
325
958
506
46
382
473
107
63
127
684
428
129
677
707
880
606
118
499
446
570
247
399
493
914
170
623
429
473
600
894
194
936
809
244
143
834
279
191
666
784
95
296
532
741
527
433
959
122
600
996
990
825
567
267
566
694
644
19
420
763
114
553
769
841
184
499
275
140
76
287
683
931
279
424
831
574
215
816
412
659
481
485
867
688
404
378
816
222
159
200
112
161
381
273
699
467
526
431
405
324
374
998
411
181
718
369
785
69
734
667
531
677
497
670
631
921
30
374
481
236
680
112
997
977
961
115
588
519
153
195
569
334
85
555
182
742
143
992
254
970
563
152
325
273
901
837
951
148
940
973
314
783
513
607
734
342
915
398
359
462
521
389
422
471
383
770
852
811
939
222
206
169
332
75
958
416
414
489
1003
362
989
35
838
739
295
533
61
962
93
466
420
296
944
841
941
372
515
276
297
326
831
329
557
52
100
272
77
498
87
125
598
93
440
749
767
640
332
581
504
438
176
7
110
216
154
424
381
626
312
794
114
527
271
277
334
458
501
605
207
852
60
874
250
23
442
765
30
886
412
258
100
289
372
972
737
387
750
779
638
303
315
455
798
995
88
820
938
353
351
681
477
816
776
878
319
823
698
503
191
46
811
212
317
253
558
504
1005
252
719
392
89
681
531
420
144
382
850
494
199
461
870
24
773
621
98
150
281
262
459
843
687
323
167
61
168
217
303
729
513
283
633
169
16
385
218
739
53
948
428
639
382
481
333
817
521
321
371
260
599
422
975
224
634
588
412
975
333
45
591
462
774
428
555
965
33
617
355
926
537
149
375
616
33
929
150
819
546
62
536
585
46
737
692
16
202
253
34
399
606
501
129
426
484
334
497
675
320
509
741
610
423
756
584
773
250
597
75
879
878
395
786
130
760
177
621
31
561
150
505
705
398
109
622
240
181
886
409
822
650
298
464
901
347
888
585
932
66
730
458
514
142
913
847
145
571
175
103
171
533
320
62
602
851
808
707
445
16
144
237
813
47
40
22
509
283
413
998
812
992
101
43
268
511
563
454
788
893
715
781
946
406
731
328
326
260
679
788
337
427
652
142
402
338
963
654
102
609
581
412
845
620
621
897
549
860
1001
1005
718
917
670
619
348
27
787
84
53
965
449
656
754
358
293
552
534
404
393
776
269
844
343
775
469
139
796
92
8
827
342
887
360
366
815
501
820
945
555
253
352
557
418
734
1003
379
102
549
431
64
823
465
485
389
375
777
168
158
52
500
359
130
592
287
19
19
406
272
711
402
989
976
240
130
451
87
500
307
928
101
338
652
634
239
443
223
578
968
362
519
479
680
776
670
561
551
92
957
288
889
13
548
713
882
843
37
95
340
99
621
1001
388
182
825
142
505
681
45
969
949
729
587
790
178
412
911
656
990
629
959
982
710
687
925
331
904
47
660
518
1002
906
971
892
103
751
857
960
431
695
744
35
537
152
864
879
272
521
644
373
408
970
631
648
732
785
178
634
425
484
583
1004
223
783
696
776
514
177
324
512
786
637
536
124
108
752
677
21
258
880
33
421
437
354
709
651
722
290
341
401
760
797
686
50
659
878
927
553
682
500
58
661
63
704
883
840
569
965
765
233
338
867
782
675
98
17
480
583
801
588
59
508
185
509
731
999
205
310
397
667
309
794
951
101
134
648
151
186
820
498
979
639
427
879
511
815
54
663
268
965
886
355
5
612
24
799
895
235
493
724
899
287
472
80
680
742
707
506
805
830
40
59
611
100
702
462
646
713
476
245
636
714
552
465
22
282
404
759
887
900
906
464
575
59
899
956
426
233
20
564
953
50
925
384
890
458
408
322
171
104
823
619
973
973
299
992
908
325
396
470
19
748
979
995
468
164
101
864
465
557
945
809
751
356
374
564
133
927
86
715
439
888
436
778
32
760
990
632
664
494
360
414
513
209
727
154
841
342
999
953
165
724
369
664
561
736
242
88
456
740
626
260
337
633
880
913
860
592
668
124
658
638
23
197
620
985
568
979
687
402
997
95
384
984
255
536
401
741
684
848
234
187
190
396
493
926
677
127
259
637
873
214
952
240
93
287
351
55
339
398
478
543
24
979
148
486
867
435
436
288
49
655
321
780
460
666
309
287
301
379
404
792
777
826
504
425
905
463
503
199
987
417
416
995
456
647
270
257
883
149
696
126
923
502
6
765
105
864
847
814
537
800
693
672
371
13
399
182
287
875
234
617
963
18
246
38
155
706
70
609
61
87
502
70
945
931
817
908
238
917
223
104
334
999
376
269
873
764
740
992
789
358
635
753
276
165
709
232
560
837
696
482
413
328
887
882
500
734
1006
696
107
506
151
552
538
1006
821
159
1005
807
644
634
125
869
876
364
56
114
837
732
242
778
297
292
242
255
812
307
367
815
882
841
446
609
711
404
457
882
394
134
516
167
13
54
85
308
632
167
344
976
163
397
432
36
69
998
443
462
95
782
488
33
336
525
465
633
837
327
166
498
698
459
289
444
587
172
292
532
130
535
398
923
278
780
169
444
655
842
482
18
675
23
375
204
370
613
947
812
914
71
550
312
967
97
860
388
208
800
360
379
925
247
409
765
629
867
343
324
558
404
397
225
168
269
657
520
790
15
939
286
841
556
6
705
811
71
863
962
43
415
144
473
223
47
13
584
427
856
106
720
719
665
81
830
674
828
297
606
265
522
900
387
262
161
162
815
657
1004
991
465
569
882
549
207
3
954
415
502
844
148
962
18
339
619
535
619
80
619
650
110
28
560
998
80
801
148
899
226
937
338
811
424
977
937
349
22
303
841
990
576
867
789
711
766
110
56
218
983
195
591
92
340
237
268
711
634
258
963
344
666
449
5
781
351
591
623
240
796
60
228
804
953
48
467
167
881
451
520
671
782
452
712
548
910
183
116
524
691
876
190
23
614
854
595
991
470
107
324
142
227
154
491
415
467
180
82
699
509
873
676
980
345
378
163
574
837
924
486
196
25
131
376
293
764
654
505
387
952
906
449
775
201
625
660
293
726
995
965
745
915
219
700
635
302
531
917
866
799
873
28
697
353
504
83
357
100
797
439
766
258
346
677
790
826
493
860
125
118
189
649
955
449
14
608
857
282
22
456
786
312
125
661
642
870
448
903
624
106
213
506
109
397
579
453
51
523
369
746
985
845
177
934
4
216
336
250
640
595
333
487
15
202
742
401
930
599
717
357
57
317
216
388
636
772
455
86
436
197
511
905
275
352
156
786
763
919
569
472
88
678
567
106
268
404
563
414
227
95
703
733
684
229
711
883
747
623
216
994
740
630
390
270
24
851
334
562
721
746
377
644
279
980
38
437
418
642
926
444
3
902
722
792
511
374
170
820
861
753
317
909
188
522
287
904
333
197
570
914
829
472
615
30
959
312
117
276
137
76
139
642
379
604
249
621
749
259
726
249
33
197
462
758
692
677
961
183
782
154
359
562
449
601
947
608
487
684
658
526
1005
149
333
793
261
439
619
794
369
119
55
943
199
95
791
111
893
83
587
806
427
836
512
243
714
45
586
606
120
85
567
535
567
562
189
261
830
8
68
705
875
523
568
290
584
749
97
840
61
296
432
126
18
890
730
751
915
517
539
701
397
336
544
479
537
933
620
512
502
578
653
709
4
155
497
358
378
760
683
926
251
253
810
921
951
364
95
193
891
744
149
62
121
95
162
932
170
486
602
694
478
128
996
224
357
936
82
885
556
216
667
915
933
739
660
861
60
367
749
754
112
139
988
478
357
779
911
494
389
418
706
877
467
862
362
35
330
934
799
406
649
191
403
286
915
467
293
656
159
947
921
510
598
183
335
447
945
598
802
867
610
583
880
597
104
30
817
780
756
278
318
460
551
925
777
638
390
991
36
547
709
333
328
93
438
176
509
160
932
285
695
73
957
749
950
101
636
344
198
639
957
478
616
982
473
568
532
129
56
458
493
1
1004
240
811
926
866
310
408
335
108
703
883
85
666
438
871
373
833
795
102
122
425
382
631
969
958
258
582
940
588
435
316
929
629
25
452
360
913
366
850
694
761
53
140
746
349
627
369
339
884
538
30
685
470
134
820
555
447
571
435
193
768
75
575
909
664
957
693
203
207
201
49
952
991
532
369
482
581
157
504
127
851
147
934
449
934
839
383
664
997
36
533
227
456
309
569
565
675
110
144
796
316
987
108
132
202
770
655
405
60
340
489
797
792
928
883
792
319
815
404
581
976
461
519
434
125
772
208
210
980
798
568
655
190
304
911
65
687
847
502
569
700
432
68
781
840
389
37
80
810
484
714
870
824
102
351
893
817
551
786
843
611
808
169
892
396
414
799
468
678
774
666
944
981
809
734
450
369
116
31
986
455
872
412
840
552
991
374
173
968
28
608
42
639
204
287
774
279
465
681
184
767
145
731
649
921
939
295
304
240
161
173
266
868
791
781
584
376
137
127
652
411
926
402
470
549
196
660
14
901
740
408
709
246
225
285
821
169
814
619
523
451
17
444
386
287
576
134
314
489
226
635
822
894
507
834
121
473
381
316
737
259
499
857
555
757
524
767
52
832
790
167
385
321
116
507
899
623
902
371
845
330
689
655
449
582
117
596
450
703
107
66
537
559
21
830
307
946
744
884
351
605
788
398
623
580
294
420
937
948
953
502
381
835
838
312
306
711
1000
72
169
372
784
313
35
693
317
693
219
221
802
271
817
310
973
819
658
452
240
299
283
244
444
906
54
392
977
802
31
579
756
281
139
484
259
70
676
650
989
957
90
740
374
625
516
676
770
707
147
490
602
276
878
816
657
877
39
100
997
907
442
763
374
171
991
252
874
712
735
761
943
970
780
164
191
994
803
233
404
838
846
346
16
860
363
716
737
222
708
837
317
51
110
318
125
369
302
391
540
674
161
717
745
381
592
131
57
273
868
934
698
38
404
716
569
562
493
196
703
467
63
764
830
693
976
335
728
647
666
584
311
757
655
678
86
670
569
734
153
913
715
108
776
973
894
34
1000
109
366
652
967
615
350
292
67
564
568
384
227
1002
704
914
887
840
828
503
626
935
915
609
670
784
266
797
717
422
832
347
769
571
621
9
820
611
396
912
238
716
709
64
392
360
920
217
281
915
999
621
373
882
105
826
958
812
708
661
263
839
218
851
887
669
389
751
666
492
661
742
450
553
379
368
75
107
757
553
738
276
506
630
256
832
669
766
393
83
114
27
300
983
150
588
15
476
193
128
355
684
400
306
278
221
522
336
135
769
8
828
576
204
922
25
139
633
526
86
722
284
77
82
111
194
346
655
793
19
733
296
919
266
872
393
11
490
803
287
470
128
0
271
28
280
627
456
76
263
517
381
149
633
764
442
259
478
574
375
362
537
281
457
252
963
659
39
997
993
813
458
219
969
162
618
695
59
574
859
345
449
200
483
421
661
688
203
307
474
201
404
594
290
203
604
223
214
619
742
629
95
517
726
297
720
100
876
861
803
883
777
769
912
362
970
667
700
1005
140
871
207
502
444
278
150
335
734
988
62
290
688
799
89
494
893
484
943
771
270
376
292
179
940
933
514
461
0
216
568
779
171
553
223
98
351
969
662
627
881
357
163
983
940
184
484
428
121
434
398
19
734
198
383
266
691
301
782
657
136
187
423
655
550
595
283
687
793
379
0
478
455
453
418
163
378
992
869
734
539
338
621
920
322
140
823
282
603
498
476
394
748
474
563
937
364
583
213
189
110
874
851
117
242
25
814
230
640
784
778
941
375
937
936
176
893
340
677
303
379
573
692
186
278
926
550
813
441
613
292
887
55
312
729
149
369
536
686
423
21
969
527
268
650
620
240
154
214
598
490
290
58
788
540
150
830
498
323
210
259
512
194
332
253
672
797
599
390
359
322
725
466
640
695
394
907
370
713
728
573
446
385
177
476
481
400
992
429
94
374
37
988
545
874
553
572
822
937
333
969
18
4
736
380
624
393
928
0
630
143
442
103
897
612
802
538
878
606
100
374
994
642
30
646
149
479
280
826
65
435
711
395
182
123
234
662
657
528
560
869
711
436
548
616
814
376
973
750
360
584
282
927
489
146
685
613
161
611
442
763
695
286
41
851
321
924
389
756
261
327
394
1003
156
619
415
566
519
995
521
955
944
360
832
76
825
931
5
849
399
707
807
272
128
558
260
874
252
600
644
375
351
909
867
481
0
356
280
519
752
139
312
945
701
911
281
64
750
248
682
18
368
791
686
753
598
983
227
976
221
114
667
169
225
681
650
607
438
376
302
776
332
564
641
509
40
937
191
308
207
556
281
58
460
705
157
63
184
608
89
977
451
624
325
461
971
413
328
816
676
28
948
598
486
180
824
762
126
285
746
144
932
730
992
581
336
225
669
165
1004
695
844
485
238
156
599
530
657
781
58
136
251
611
57
977
589
58
888
775
441
111
600
656
915
430
498
156
74
794
647
759
406
555
245
274
661
14
928
974
903
550
721
177
242
791
465
972
869
773
736
430
694
482
29
725
696
734
575
967
861
220
113
15
480
206
142
932
48
803
962
789
139
370
554
525
606
978
308
759
628
951
609
710
562
668
78
1000
939
89
160
469
170
994
389
698
469
573
499
259
763
59
693
283
99
237
151
679
349
580
241
302
296
83
830
129
396
364
758
914
280
897
258
203
921
294
773
443
67
247
922
204
486
22
211
921
950
760
537
919
646
30
404
690
190
775
426
226
245
396
682
634
247
445
975
541
575
298
961
958
142
875
985
804
478
253
582
241
103
966
1
401
91
630
409
571
215
361
595
966
61
560
898
430
949
489
59
695
541
309
986
37
284
191
296
648
988
344
550
143
956
861
451
637
580
78
464
730
461
203
772
218
823
42
443
549
126
536
576
395
863
182
10
1006
320
38
550
389
151
340
224
36
819
907
446
843
311
408
819
972
68
163
940
665
199
188
195
963
909
619
192
393
688
0
43
263
794
68
362
783
467
416
58
707
266
390
318
664
750
130
622
561
249
237
649
263
331
546
314
849
384
824
83
904
461
532
374
421
737
947
471
348
480
553
190
89
566
541
851
833
653
622
720
904
172
222
970
912
985
91
105
649
827
97
356
977
598
685
584
906
452
118
36
37
615
126
342
306
105
142
552
808
925
73
4
758
10
857
144
25
525
183
581
728
997
506
401
753
232
132
221
395
767
407
85
474
541
12
640
757
383
522
897
508
438
180
500
588
504
590
8
4
352
390
520
162
782
144
672
671
311
539
276
590
671
51
890
776
230
427
409
284
303
73
781
863
235
819
258
819
871
841
924
622
863
469
898
106
641
797
300
920
793
543
130
29
337
856
569
377
484
329
552
217
333
514
668
715
92
55
367
589
737
843
764
382
814
473
472
588
694
860
69
602
604
101
636
96
859
274
540
304
993
267
585
130
827
791
240
301
120
368
500
818
617
614
109
776
212
813
653
23
799
922
921
353
793
88
810
814
412
549
872
688
644
321
593
347
819
253
816
479
493
386
49
170
182
832
345
194
580
480
969
303
14
87
533
920
596
727
32
159
46
583
680
219
644
240
339
695
712
83
419
710
63
443
233
45
630
973
388
487
421
656
646
526
929
495
989
938
107
694
774
638
1004
717
607
305
795
834
444
23
57
35
150
887
279
931
216
859
388
8
231
485
640
917
785
951
946
424
492
970
638
381
502
427
693
448
422
249
859
505
616
554
348
209
436
872
646
779
683
531
868
158
189
82
153
132
271
755
353
753
874
221
941
189
894
259
60
452
258
987
15
207
711
832
380
367
636
904
509
889
134
661
12
319
407
538
375
705
495
940
860
577
405
563
546
13
228
294
133
409
476
671
521
43
757
250
549
0
580
645
815
83
966
227
235
492
570
47
442
101
312
609
671
223
520
499
229
20
29
751
292
357
541
506
313
435
907
101
171
285
74
661
52
324
838
74
5
952
550
526
711
503
537
712
309
599
941
618
862
584
217
799
947
71
684
867
281
604
913
957
993
453
517
714
984
766
1003
735
869
221
95
52
803
413
127
338
248
556
274
672
781
266
433
415
676
473
122
40
292
380
105
303
594
280
14
909
168
162
99
843
175
787
513
422
172
245
288
303
237
250
787
716
166
284
782
678
966
971
868
889
727
894
898
8
506
598
506
318
889
702
149
253
332
875
470
657
659
346
139
640
101
826
36
149
998
376
532
572
922
673
957
548
640
67
270
724
242
988
584
222
293
618
231
903
542
858
282
928
709
33
596
929
54
420
961
612
202
123
530
512
805
419
851
413
943
490
23
862
318
315
322
828
450
211
273
155
333
865
992
407
689
934
894
116
320
724
608
902
524
742
80
370
137
741
489
444
80
603
52
215
47
295
549
611
456
442
98
912
425
991
441
89
967
155
97
995
156
812
732
41
600
252
123
824
310
342
561
377
587
407
353
697
366
550
339
78
581
283
520
35
794
278
462
605
286
31
72
212
997
890
910
370
452
211
454
16
276
476
136
429
341
161
844
367
493
944
208
95
530
48
675
912
863
981
118
301
997
167
227
378
114
700
32
331
949
647
433
821
591
815
362
388
265
443
781
811
290
595
100
291
620
314
687
933
760
5
879
294
536
13
339
282
72
648
249
177
193
997
947
566
5
462
610
217
627
275
735
109
510
744
206
355
699
19
325
675
916
337
65
357
254
475
220
559
526
678
631
858
901
389
589
726
998
53
305
369
816
829
833
738
882
864
729
254
340
811
9
440
253
556
996
357
516
612
65
277
743
120
876
554
483
768
49
320
478
653
870
780
32
670
127
101
633
332
733
465
487
102
938
508
771
259
549
280
414
598
906
722
685
68
408
835
657
856
448
148
148
329
844
269
576
106
227
592
568
579
8
970
527
759
144
803
331
169
888
283
599
388
758
407
429
373
853
434
793
873
593
703
215
162
803
574
919
310
894
516
526
929
404
403
509
593
80
782
514
639
465
758
631
738
84
524
447
468
455
878
443
289
629
156
242
273
717
877
823
783
202
800
434
144
939
763
19
583
36
497
60
790
500
746
667
543
500
543
74
941
641
344
687
71
228
734
172
774
107
922
340
273
326
928
456
384
434
716
680
202
651
572
831
451
656
221
243
255
789
860
569
212
577
994
553
319
198
765
939
565
999
687
904
86
909
973
749
824
852
152
635
934
811
114
509
868
20
796
218
559
438
0
401
342
345
4
190
422
212
680
556
831
221
213
153
790
662
559
821
989
933
971
236
398
918
381
255
820
894
602
353
979
54
52
681
480
560
931
26
956
526
376
351
524
426
156
481
264
516
831
666
238
744
853
650
250
781
788
2
250
420
80
863
0
498
693
496
516
29
339
727
805
474
460
961
301
326
202
779
907
105
849
8
854
4
663
127
552
393
192
93
374
842
262
307
71
781
723
642
700
234
415
56
977
319
701
695
650
230
202
395
710
375
659
402
536
408
151
780
47
79
854
233
35
93
478
514
847
294
596
926
597
7
840
672
23
84
992
708
342
584
186
853
79
772
650
398
80
730
22
589
68
328
929
790
831
388
665
403
959
859
1
99
319
329
478
779
785
724
812
886
688
19
916
0
542
856
51
416
914
442
915
989
215
857
1003
374
507
740
246
331
531
100
977
807
868
425
1002
75
920
495
206
850
972
771
862
598
804
727
951
574
853
896
255
514
101
489
888
531
899
976
809
593
863
536
30
563
959
964
151
891
543
715
198
662
198
762
348
384
22
968
409
351
146
262
857
303
900
205
539
477
345
536
972
249
242
129
944
375
740
870
278
105
747
854
909
529
168
221
668
105
741
316
116
270
156
803
381
915
314
531
24
214
985
473
919
325
128
152
963
703
147
312
0
978
584
810
391
826
791
763
399
5
448
164
636
997
205
466
549
621
307
667
799
390
617
576
34
973
743
297
444
670
161
206
419
389
360
325
682
749
838
722
394
781
90
72
85
829
132
127
639
940
612
914
605
64
470
814
394
981
600
581
402
115
612
824
749
191
27
678
870
73
66
627
453
647
875
166
775
227
509
698
910
625
32
686
210
72
57
950
866
350
40
756
992
155
67
940
667
973
316
667
885
180
397
366
197
824
139
66
214
79
898
748
753
258
959
735
892
846
250
442
941
422
101
375
915
205
107
534
992
707
65
771
520
524
298
35
601
111
342
334
635
339
980
10
289
435
484
400
706
231
386
82
471
65
989
243
917
862
221
998
192
407
259
559
311
874
30
85
380
350
624
463
146
814
49
137
494
762
971
788
697
502
625
809
247
579
868
269
17
895
676
363
644
541
940
307
467
591
13
293
640
56
772
671
182
554
17
602
256
377
357
318
647
124
867
224
19
868
1003
830
112
811
10
835
102
671
887
437
574
693
404
419
781
542
259
863
41
807
19
500
826
619
425
103
386
626
703
208
439
753
578
239
458
1000
750
74
180
501
425
823
417
729
140
670
616
377
463
216
750
700
459
770
967
824
674
324
762
136
164
103
329
523
675
310
137
964
684
664
0
985
146
173
727
746
720
167
336
621
20
575
464
730
949
226
934
288
629
254
929
990
53
185
58
868
665
60
942
303
368
653
872
889
306
101
51
921
670
486
733
697
884
775
323
313
789
184
654
506
343
236
36
731
448
866
116
984
252
711
582
726
973
942
458
703
448
740
404
629
494
277
263
722
799
860
360
513
298
413
64
431
243
351
96
666
388
468
431
225
650
986
529
590
615
499
552
180
81
787
573
843
899
826
815
155
841
527
1
320
150
177
838
57
171
343
426
455
805
298
302
575
957
354
25
253
548
855
678
17
706
263
122
232
1001
934
6
516
506
306
150
738
130
999
35
965
701
502
240
497
601
729
100
340
332
129
412
279
955
472
901
173
849
407
90
761
403
40
655
299
764
203
324
504
32
564
102
999
157
972
893
1003
977
609
543
608
918
701
543
517
89
586
929
341
445
85
547
595
671
517
527
394
858
689
293
937
363
871
739
778
161
322
282
187
854
486
838
1
603
443
677
607
95
997
927
188
770
165
267
55
571
16
702
586
679
699
612
37
874
167
846
338
328
289
214
736
681
920
189
796
162
880
631
523
510
354
928
37
393
263
971
98
740
545
266
194
655
516
793
819
640
89
34
132
309
212
526
132
250
405
162
10
803
324
894
521
243
278
655
228
324
895
979
21
552
380
996
808
263
692
852
737
637
707
585
959
892
852
162
206
290
591
963
713
684
134
327
616
765
1004
963
139
242
1006
697
874
511
703
991
671
324
927
288
186
386
829
24
214
378
950
713
995
971
214
506
237
494
200
768
536
64
731
197
49
810
791
686
766
237
495
866
354
818
343
276
451
507
809
779
698
292
180
693
701
947
46
158
346
513
520
809
449
482
521
780
955
879
177
509
745
540
249
968
752
109
118
682
715
258
828
617
179
792
10
619
66
665
524
480
835
724
572
619
950
214
564
409
149
756
303
844
90
128
620
829
531
840
380
990
867
296
819
786
129
242
798
137
208
743
88
558
796
2
392
833
824
99
592
580
63
33
269
494
804
668
93
882
938
913
7
963
183
996
747
123
707
840
837
464
770
21
880
338
31
836
301
302
39
856
355
123
810
726
820
427
478
11
890
1001
747
705
368
137
339
346
733
955
324
360
167
162
458
427
857
246
39
458
777
64
457
217
421
401
298
712
529
553
749
627
463
416
727
290
654
122
237
920
468
477
114
418
765
329
830
444
766
982
466
316
929
993
730
560
574
276
70
960
589
225
541
813
840
888
227
61
366
18
18
713
768
232
583
588
784
602
898
855
38
73
1004
446
899
34
355
552
842
726
412
301
462
768
760
940
624
776
112
302
427
890
89
919
256
842
215
99
101
697
557
4
793
10
204
525
711
716
567
59
656
573
827
255
614
258
125
774
340
829
827
505
988
817
887
226
253
425
334
677
811
803
158
263
875
219
447
98
925
487
983
214
16
323
712
972
520
836
942
101
366
858
11
772
977
419
847
421
19
884
447
712
51
445
289
66
14
688
71
324
619
350
925
341
256
883
235
1006
880
340
65
320
348
884
388
662
588
44
944
769
782
210
665
762
762
966
36
878
304
272
82
742
914
346
771
572
929
784
350
178
865
58
94
142
290
907
645
299
964
610
88
696
520
37
109
527
890
872
527
892
177
354
431
825
503
345
178
709
179
352
755
69
378
215
345
322
799
261
166
129
128
808
963
726
543
371
944
10
235
979
395
423
65
526
625
493
274
59
503
11
90
322
627
909
636
700
603
608
853
68
688
772
320
867
857
276
156
60
770
832
83
467
858
123
831
820
453
235
661
601
550
710
1003
384
814
464
134
947
785
196
152
688
760
112
363
527
544
447
561
580
286
856
470
400
199
466
583
598
25
183
323
965
845
845
449
267
692
770
664
26
864
744
439
336
651
886
937
839
148
910
697
988
562
973
74
544
350
197
442
19
57
947
505
429
967
510
371
946
27
458
816
759
701
737
151
476
223
47
164
114
405
417
934
779
760
692
715
937
553
682
614
401
226
740
715
436
864
310
969
910
134
711
373
101
577
749
884
861
220
217
423
220
845
613
199
630
919
317
228
144
826
746
932
831
381
750
143
418
361
997
994
994
223
85
654
676
287
279
554
579
96
316
822
697
775
98
123
78
442
574
363
53
685
1006
429
126
548
540
362
445
289
780
927
690
378
282
703
793
283
276
900
749
46
431
892
971
242
917
57
370
79
157
694
848
685
311
772
296
213
933
721
913
754
161
512
281
879
764
60
790
726
484
531
610
162
678
928
389
152
682
978
132
644
2
230
326
590
464
909
588
425
341
311
620
502
408
86
507
427
680
627
698
155
355
97
714
864
928
605
638
914
546
664
932
742
258
462
201
873
466
849
277
908
773
362
272
396
807
405
116
680
238
103
736
170
795
781
524
7
514
376
477
473
982
884
430
806
847
464
909
66
617
546
533
283
403
473
483
486
694
101
520
346
491
759
654
355
214
455
255
351
171
485
827
679
101
565
96
936
314
906
106
267
446
1003
198
910
826
813
53
450
353
185
621
590
340
418
62
768
558
970
121
767
850
414
105
478
55
413
421
645
472
741
1002
1003
112
176
496
326
196
817
956
895
443
761
712
403
172
411
46
209
834
461
858
1004
687
321
647
947
24
525
727
877
87
563
41
64
143
142
809
458
25
430
428
882
633
300
861
993
593
259
346
68
605
491
762
440
211
570
961
495
7
725
273
931
371
580
214
321
405
925
767
311
485
644
98
462
756
848
520
165
508
975
342
259
968
889
972
644
696
836
972
182
797
821
445
550
633
522
117
152
537
999
343
434
463
483
781
53
523
166
967
700
825
225
153
440
585
561
927
822
917
477
490
345
910
293
493
490
128
397
369
803
944
843
183
568
335
723
895
679
98
350
117
891
264
381
793
45
20
181
21
691
31
723
881
687
967
303
80
962
41
102
302
459
861
417
787
587
767
759
719
246
369
33
637
905
937
324
693
151
998
146
344
87
439
24
293
921
70
611
72
617
429
595
712
744
48
594
606
966
321
978
148
72
221
440
979
300
355
19
546
284
504
204
558
495
612
158
1002
830
923
674
137
494
127
98
876
580
125
51
116
391
440
8
720
393
809
749
525
144
865
898
977
936
379
624
725
1001
987
516
202
938
967
840
308
369
340
575
361
754
447
968
729
444
741
283
337
480
298
446
141
474
938
886
978
92
756
796
606
379
303
590
501
69
409
642
766
185
454
501
301
9
333
435
442
526
858
124
291
83
376
978
344
485
756
353
88
558
876
972
873
674
760
475
990
870
215
588
424
443
671
599
393
953
5
336
696
828
587
729
519
164
837
37
616
529
343
24
55
929
324
37
269
754
985
793
955
295
121
597
221
243
79
949
152
842
769
613
726
258
826
208
743
649
899
718
838
500
70
488
986
842
705
638
129
602
495
59
856
908
135
845
775
871
448
905
991
648
95
527
617
943
581
859
587
721
432
924
541
506
873
649
937
966
281
63
534
463
426
897
656
969
412
535
284
438
759
132
686
335
721
146
163
659
138
700
89
464
851
305
367
171
134
270
901
839
830
486
588
634
659
928
612
143
963
783
299
243
821
1000
278
277
327
769
697
282
593
984
22
429
305
251
231
992
969
903
666
91
394
635
577
50
213
357
593
158
18
477
836
703
190
344
232
283
504
764
909
549
269
189
518
324
639
363
35
25
11
688
882
768
650
851
295
668
950
607
836
211
47
43
117
850
227
784
134
275
627
253
740
397
293
913
67
695
721
79
683
406
991
982
856
114
62
562
219
670
998
106
490
357
890
824
48
71
240
567
862
128
927
3
241
513
571
316
151
953
296
70
505
1005
578
950
678
225
709
293
242
841
731
173
945
750
654
644
34
859
364
882
80
712
644
913
527
246
328
524
972
557
274
113
158
118
913
204
545
138
857
803
834
493
196
620
169
193
834
296
503
973
846
514
1000
92
229
489
880
453
305
196
381
18
222
697
224
585
13
501
65
431
436
809
963
923
4
659
531
681
681
281
636
758
673
539
492
821
356
407
748
95
822
864
958
374
853
472
564
115
564
971
531
907
538
647
600
844
608
505
673
670
862
277
69
645
360
805
980
94
462
803
985
528
717
637
211
932
90
998
741
689
766
626
948
14
596
673
716
322
851
376
301
242
24
383
814
735
586
10
319
592
256
122
896
408
176
584
414
597
439
531
589
527
645
823
866
273
794
786
503
293
220
35
680
188
944
68
480
442
495
241
32
198
296
545
376
711
19
112
305
382
684
237
256
346
241
905
799
344
531
251
142
737
913
332
316
757
842
518
659
673
272
191
401
861
149
837
301
393
697
915
428
698
882
187
491
12
1
742
264
14
282
77
374
274
808
653
679
260
687
98
16
776
608
51
895
477
28
728
211
716
132
64
770
668
775
783
787
998
372
438
824
417
850
655
428
487
983
779
622
149
90
51
361
261
334
845
668
734
213
168
49
617
674
629
976
437
892
996
682
910
961
815
963
496
38
695
205
816
882
618
210
942
805
404
181
708
975
337
648
757
943
708
290
323
483
81
476
3
196
840
1
805
698
155
941
470
170
232
33
597
858
77
135
51
752
674
802
427
841
362
760
808
485
912
60
453
389
803
504
658
220
153
484
273
436
982
845
549
584
380
11
534
686
532
891
981
635
141
900
179
183
92
378
229
904
755
13
960
895
384
333
903
871
990
403
363
436
556
913
618
972
680
588
195
312
728
353
648
70
911
391
372
975
586
677
26
531
842
439
548
264
420
898
898
800
806
215
378
622
7
568
204
496
175
832
496
114
510
352
951
223
222
94
609
933
645
381
437
989
492
706
711
19
954
127
717
409
452
37
974
242
203
495
87
739
500
596
28
691
476
74
891
514
978
70
225
927
764
926
746
654
422
620
917
453
665
356
467
511
35
715
845
520
552
928
566
96
569
583
651
258
61
349
944
217
769
420
173
296
755
730
699
266
816
577
375
312
551
124
191
1002
985
628
719
106
838
849
731
229
766
404
989
565
661
342
249
296
486
697
56
558
352
140
72
402
637
392
566
455
995
865
843
712
997
814
752
854
255
765
211
274
20
560
905
805
636
697
363
923
20
488
835
107
594
315
356
508
788
485
883
801
777
445
429
348
675
829
937
786
537
945
86
368
288
779
844
855
606
996
128
782
43
829
380
174
927
735
375
342
438
369
568
391
359
194
32
58
240
373
278
634
909
898
416
67
493
932
873
512
0
918
272
23
877
937
279
64
43
306
639
526
499
915
621
530
577
952
916
775
993
429
428
885
111
920
136
854
773
409
470
936
103
965
157
528
115
784
199
668
182
755
108
504
839
253
320
750
834
394
534
742
699
540
761
107
92
6
351
181
175
989
329
151
662
950
743
858
22
560
494
709
632
451
887
912
59
261
874
722
183
207
981
227
414
55
214
0
293
440
182
45
807
887
415
423
626
456
911
950
886
907
692
342
534
274
44
528
543
677
447
360
114
939
663
324
383
928
835
299
990
272
549
96
463
188
769
535
942
829
337
420
884
937
722
329
673
615
873
174
289
320
995
449
973
164
357
747
419
948
542
731
38
803
595
205
808
313
417
463
376
816
124
884
373
611
495
432
819
38
738
356
110
244
466
789
364
6
765
82
796
304
983
205
888
849
905
664
212
14
28
761
698
799
388
906
669
52
778
201
284
955
626
904
350
671
15
312
193
676
214
851
580
607
594
66
849
702
346
696
890
57
473
271
630
258
319
725
409
802
916
216
329
35
995
198
52
351
274
774
365
274
766
827
550
838
402
599
81
712
281
450
329
465
413
404
368
45
492
130
105
822
162
934
990
600
592
572
331
664
591
727
426
213
187
738
36
707
495
436
201
190
126
331
13
926
98
82
372
57
615
810
258
78
370
135
140
229
674
243
146
219
864
842
228
805
980
377
504
636
714
614
287
180
769
995
916
672
735
457
601
418
93
120
718
580
867
283
654
134
373
949
72
560
778
438
957
427
73
554
192
870
514
188
170
177
400
57
681
935
978
680
294
347
978
756
765
43
985
432
812
808
221
179
900
225
688
375
876
130
21
387
786
582
120
840
228
114
122
607
10
649
532
865
311
558
762
472
943
552
261
370
808
153
299
887
488
230
310
794
661
710
937
297
355
126
381
625
191
477
218
242
566
945
437
605
483
907
122
786
187
548
182
626
414
70
286
713
942
798
179
398
751
709
481
842
250
168
782
623
101
286
875
473
248
191
759
22
135
451
248
42
897
0
43
495
500
31
875
632
270
243
202
705
133
716
821
832
318
271
119
383
917
760
876
133
572
126
454
302
603
650
403
935
370
436
964
378
832
281
572
448
436
415
836
1
693
86
379
549
724
173
56
445
870
986
66
89
587
320
787
189
51
533
0
741
727
205
661
649
774
555
160
67
117
127
485
162
914
71
869
228
216
837
225
228
604
107
545
204
801
28
804
96
82
666
733
888
903
468
759
630
453
518
528
532
124
660
822
168
408
840
315
681
424
446
715
685
299
796
443
648
73
555
129
737
186
184
344
99
152
713
712
149
988
436
51
872
149
900
521
697
253
740
17
210
946
334
923
981
850
589
569
254
162
710
446
845
683
958
444
823
314
645
843
896
473
724
79
183
371
240
605
733
756
728
583
597
113
799
521
583
577
197
437
987
1004
418
418
457
581
151
376
187
49
398
312
853
13
431
867
988
723
437
316
202
124
716
225
478
259
998
854
133
227
25
997
551
365
0
99
983
946
15
759
51
518
396
431
79
688
289
93
590
378
188
707
580
778
145
160
725
463
29
205
354
522
140
96
400
103
534
330
175
980
376
352
646
564
168
742
466
812
537
711
413
102
771
873
379
595
216
379
565
756
738
586
418
592
611
921
276
946
653
95
48
358
171
960
402
800
650
139
783
962
406
484
27
600
788
166
741
136
332
407
420
269
226
602
0
119
358
548
877
11
689
563
0
268
440
569
537
933
340
671
117
54
273
85
678
424
661
195
957
135
389
693
360
351
208
55
630
798
508
647
393
211
358
585
569
545
728
806
661
943
1005
76
54
355
171
517
630
1001
455
7
478
233
439
758
200
759
72
38
305
67
928
886
299
152
961
401
43
625
700
936
694
997
791
542
628
478
990
77
817
126
702
396
184
758
330
563
861
365
985
355
340
297
814
159
379
879
353
310
443
722
34
127
263
288
83
785
760
478
79
448
895
957
44
378
880
854
147
422
253
476
534
433
282
90
530
81
993
456
313
991
231
65
40
864
662
484
172
92
333
954
495
689
888
638
387
40
375
368
45
530
776
825
124
920
366
2
960
794
418
767
271
184
119
351
54
358
282
199
701
281
505
919
121
280
725
148
656
297
973
743
92
657
10
681
462
645
782
923
334
82
484
728
700
342
208
635
611
246
672
750
376
281
122
466
932
513
882
188
824
600
886
967
461
120
581
139
156
887
647
761
868
723
514
211
37
30
334
249
567
228
657
537
549
300
310
98
115
501
407
658
125
875
117
759
848
749
350
66
742
127
668
856
650
235
624
999
730
905
535
772
43
476
544
358
307
444
227
120
413
382
920
594
669
830
525
954
393
786
658
494
454
658
565
31
732
776
776
390
932
482
341
115
512
430
822
616
954
730
138
135
859
399
678
677
725
39
318
358
203
673
572
897
256
825
301
79
74
407
373
880
789
521
150
854
990
445
81
568
454
976
617
554
435
595
522
202
703
213
855
517
236
824
936
380
706
43
497
830
918
577
91
504
588
680
8
457
940
559
132
556
219
756
464
689
507
442
97
450
31
528
548
779
443
671
458
351
808
294
705
608
756
604
478
22
503
399
8
119
327
208
919
516
595
183
710
515
496
884
559
46
855
356
908
771
835
601
902
210
851
831
643
382
843
992
649
707
397
505
661
251
113
430
80
35
268
482
232
986
5
319
44
53
516
860
500
579
32
856
374
679
450
785
538
853
292
801
81
180
333
631
833
58
221
543
128
701
594
1002
524
497
292
67
159
890
200
416
498
989
936
185
475
615
452
516
463
421
312
499
702
819
344
517
228
167
518
384
496
630
61
962
778
888
890
541
524
471
256
291
237
224
749
588
147
315
476
22
401
698
788
812
911
922
379
389
920
398
32
832
89
15
662
433
673
519
102
138
167
609
15
85
86
465
395
757
898
408
595
439
399
86
663
189
212
606
266
169
410
560
966
612
247
936
108
533
965
518
938
234
667
844
441
291
294
249
895
358
345
430
409
719
328
476
878
996
838
5
748
500
859
768
257
668
805
596
90
695
114
358
159
956
482
826
79
588
323
487
771
734
124
810
351
901
917
869
441
44
425
293
797
100
215
899
628
585
476
183
190
657
881
472
244
825
571
689
874
809
165
40
127
754
129
330
65
775
213
501
549
490
22
502
231
242
40
296
536
670
55
344
594
955
557
389
821
515
861
134
194
638
978
651
28
46
936
170
170
432
640
441
63
803
586
812
559
497
932
843
925
42
72
235
593
647
668
110
704
498
961
130
120
424
650
390
833
958
583
929
748
920
968
817
314
259
798
833
425
502
843
894
90
64
579
270
557
516
479
216
555
229
744
349
876
250
804
874
924
264
894
202
311
226
708
233
791
549
530
421
292
306
175
988
414
288
863
636
293
475
40
23
976
228
734
515
972
924
343
927
26
95
598
226
461
996
777
584
591
214
367
671
44
268
400
723
739
162
952
742
219
128
830
243
112
811
636
600
582
322
512
109
255
249
664
607
331
354
55
18
396
110
774
540
434
79
916
5
650
542
345
247
555
599
488
626
643
909
331
40
190
737
155
790
658
907
654
405
135
613
194
280
105
398
661
277
793
225
203
15
185
197
798
163
128
92
94
236
922
940
678
779
275
322
983
978
271
746
903
37
237
278
259
105
684
725
458
246
411
644
475
293
874
32
586
549
799
682
655
495
2
696
33
655
128
959
380
308
69
81
260
639
569
329
726
620
182
611
394
825
863
835
908
476
89
364
76
847
71
625
191
781
465
729
106
260
207
140
24
561
832
130
609
296
997
801
490
16
626
130
399
407
235
273
284
310
486
135
99
108
258
312
778
55
946
539
8
144
363
204
641
352
975
130
143
146
419
747
439
652
134
402
845
963
735
862
912
935
447
617
544
909
708
453
244
839
996
838
739
605
638
641
573
721
313
141
743
173
261
296
610
414
589
98
229
388
334
684
517
384
223
45
976
981
995
446
616
555
393
457
591
434
327
519
809
546
10
198
873
864
317
908
626
705
754
516
256
767
449
624
177
53
738
702
791
673
748
551
558
764
570
60
11
526
859
746
25
449
655
361
628
639
698
716
774
995
775
787
251
708
73
942
725
317
595
54
132
582
809
47
285
251
772
608
500
618
564
378
286
774
432
407
52
27
90
235
97
395
352
901
380
274
325
928
386
577
386
321
172
676
297
304
914
258
771
56
925
778
221
775
