0
24
51
38
69
75
5
81
87
100
108
112
119
104
137
116
138
102
82
130
146
144
61
64
178
165
167
158
171
200
196
110
171
172
70
218
193
218
227
136
64
224
206
248
229
246
258
255
261
236
226
249
261
248
326
158
328
162
249
292
294
335
270
202
351
385
102
349
36
347
126
353
195
367
207
231
467
380
396
406
246
350
19
465
88
7
128
500
416
68
396
134
425
490
425
268
448
518
29
490
587
487
532
610
508
546
125
317
191
633
534
685
540
611
606
624
145
638
0
650
406
730
695
892
88
727
772
784
772
858
839
872
521
416
867
459
220
863
857
828
768
891
902
455
828
506
859
934
288
293
887
496
515
478
999
190
977
1006
47
987
586
583
106
66
569
583
570
75
567
562
53
681
126
178
108
115
581
96
176
122
166
297
291
219
298
237
102
116
253
314
416
295
650
396
194
71
723
307
351
291
275
245
331
182
172
405
683
271
419
707
723
218
431
471
523
246
439
398
258
735
483
523
766
525
397
422
470
231
499
543
551
816
452
744
846
553
188
614
320
434
419
806
834
637
868
681
606
420
832
837
698
706
953
461
432
473
451
734
453
504
452
855
771
41
782
778
924
899
525
869
781
487
473
550
867
755
890
820
948
543
901
580
637
572
57
902
925
909
845
993
44
943
49
896
131
994
654
61
17
615
974
956
987
50
264
704
740
109
250
717
17
70
238
128
800
84
103
208
133
718
206
655
226
194
215
816
259
281
839
266
148
269
187
176
878
825
302
862
304
331
46
288
972
418
563
987
617
88
301
292
66
123
297
340
30
14
366
536
152
131
524
93
495
517
174
628
491
96
412
693
73
592
473
386
234
99
578
575
61
612
242
293
666
620
799
268
312
849
304
606
795
132
562
706
640
184
567
601
818
321
831
368
351
151
190
691
744
386
708
374
171
773
352
606
782
118
241
93
487
882
742
523
347
685
821
546
952
36
926
109
932
539
850
116
480
887
429
585
477
38
488
6
1000
122
931
103
553
769
463
94
688
772
672
656
407
681
85
874
730
782
732
459
707
792
625
130
405
852
762
431
677
879
855
415
689
855
657
991
838
406
286
399
931
270
77
341
844
575
893
389
653
268
682
461
329
892
872
436
514
188
786
489
838
422
422
121
542
790
928
45
404
803
987
764
575
950
732
173
959
835
765
912
190
672
85
927
164
989
652
78
256
235
775
72
755
717
799
698
877
818
142
994
772
262
945
302
891
737
253
970
437
110
94
984
941
40
868
247
311
848
81
1005
255
882
870
220
294
404
482
464
66
33
18
120
459
1004
421
939
124
3
24
167
313
320
965
360
28
643
277
100
294
334
163
36
116
186
258
65
132
187
184
341
79
234
24
28
111
237
324
242
197
477
264
176
262
179
270
142
515
298
188
285
778
106
180
898
350
221
829
141
409
318
264
268
480
434
784
317
216
445
277
35
342
676
785
530
375
381
319
209
442
746
824
786
582
450
274
714
630
873
624
754
341
705
480
215
769
856
916
327
731
967
542
934
557
982
73
763
928
303
979
926
166
149
185
372
119
23
922
682
960
33
51
242
108
616
711
842
973
136
620
74
132
922
965
640
170
780
922
823
79
664
378
424
806
100
532
982
614
8
972
113
21
180
113
927
382
281
832
435
931
158
413
221
58
203
1003
165
32
280
243
259
380
536
631
320
281
713
367
384
434
345
622
370
273
560
429
384
540
544
411
722
151
433
509
553
797
522
734
630
377
687
613
702
609
198
533
653
622
650
692
498
791
559
615
550
692
572
518
770
576
141
728
685
640
542
738
769
512
763
898
824
779
626
537
641
667
615
819
808
49
633
850
686
601
809
808
814
785
738
830
967
917
966
934
742
956
811
1005
792
398
573
883
581
510
691
967
825
185
929
975
89
940
855
912
257
936
981
41
927
936
32
66
175
31
956
5
318
933
93
123
191
134
37
33
138
127
719
166
362
257
102
106
864
285
248
356
750
402
170
270
786
315
191
436
419
224
322
434
306
363
662
194
305
217
378
220
195
623
158
545
626
319
462
383
785
450
462
233
402
221
394
194
296
421
319
218
818
665
508
569
504
824
496
480
462
496
496
220
846
64
579
333
615
434
291
338
659
755
782
660
520
841
472
377
259
719
91
648
568
720
630
636
616
717
836
530
831
708
545
500
547
646
513
422
227
461
569
496
593
553
788
611
955
574
588
668
642
239
33
733
818
90
503
656
337
757
983
159
938
901
875
811
793
705
672
815
719
887
759
756
32
859
1006
920
972
839
913
876
773
855
982
876
977
739
49
104
951
940
862
920
73
482
997
609
309
543
957
1002
824
87
178
400
150
882
446
277
131
79
179
75
877
867
81
595
515
264
155
670
11
363
315
342
110
582
370
226
216
563
251
166
87
627
268
380
344
636
482
358
196
44
347
446
138
951
206
310
368
375
434
229
449
710
891
233
88
34
340
973
529
272
567
703
298
441
944
607
797
678
340
634
516
540
227
34
465
744
791
626
562
609
584
644
611
1
402
383
254
970
985
683
485
412
11
591
183
172
853
515
39
606
793
174
878
914
162
1003
127
746
561
973
679
200
546
735
948
890
171
880
299
121
88
231
975
831
709
986
895
954
157
259
211
561
156
463
638
996
951
117
222
873
800
467
91
41
596
54
85
206
369
597
85
114
851
41
610
149
339
389
943
948
232
434
550
372
131
108
196
928
438
92
247
832
235
605
978
950
293
249
190
143
76
816
21
599
263
858
476
10
620
472
680
78
376
298
908
545
377
162
340
569
123
444
284
26
143
349
413
89
188
145
154
1002
289
452
391
297
519
499
468
421
277
303
362
406
314
557
269
419
433
406
498
496
59
95
233
283
588
410
15
231
255
190
712
632
586
561
521
669
253
480
568
564
405
270
579
679
358
6
692
961
944
574
850
108
607
375
998
418
449
787
507
625
611
919
474
683
505
311
423
539
108
770
127
686
596
457
403
656
372
707
460
458
602
731
861
999
870
30
1002
697
927
641
963
952
204
112
562
593
804
112
659
678
1003
190
80
647
932
180
745
807
124
496
613
768
26
61
317
106
686
836
131
121
823
240
778
183
419
445
805
107
950
179
198
141
693
44
189
931
109
377
249
455
716
123
515
399
525
493
44
121
284
297
444
263
489
298
403
943
752
830
399
708
241
533
399
776
823
87
849
670
779
900
78
146
724
954
655
739
595
332
334
740
115
151
259
750
895
641
730
36
893
901
21
716
791
257
891
84
878
814
907
981
46
829
478
990
958
886
349
959
346
663
216
815
990
155
416
353
392
410
910
813
407
507
249
28
325
369
716
97
942
452
456
886
837
392
308
176
3
520
101
367
149
182
139
731
64
187
552
143
74
999
160
433
647
264
495
198
584
681
354
956
575
270
781
370
378
29
603
347
805
121
255
737
779
702
31
259
451
480
241
209
847
691
606
851
292
437
918
482
277
476
494
555
294
571
505
584
585
696
705
159
753
651
406
428
979
493
95
514
927
944
499
747
170
281
362
44
636
12
194
868
38
643
151
651
205
443
995
61
766
20
670
219
523
19
771
307
779
756
688
380
623
424
818
777
719
662
91
455
871
142
991
482
75
772
138
899
364
566
314
253
451
397
571
1004
135
181
795
877
86
39
786
980
130
501
1002
424
474
131
230
39
347
89
815
48
62
522
923
880
298
578
792
166
288
471
789
151
460
393
147
191
195
355
554
340
632
967
947
229
981
318
552
531
460
255
215
386
477
463
522
472
358
528
677
191
369
334
703
764
116
594
816
506
618
516
654
727
348
662
711
964
858
0
827
951
900
562
440
629
372
319
409
762
692
0
1002
853
934
932
444
939
872
979
662
0
896
775
703
512
134
125
809
0
901
861
985
775
811
363
220
148
9
26
677
292
325
897
883
13
91
969
227
891
291
370
890
300
954
839
114
820
44
847
280
656
9
48
291
207
777
840
950
539
921
400
969
497
887
934
44
687
119
284
483
800
145
209
657
315
517
177
98
805
286
232
533
543
151
105
965
346
560
264
48
295
778
443
471
612
41
676
297
196
368
500
86
449
682
194
590
342
258
400
337
101
242
526
725
397
91
140
718
104
297
566
238
399
456
740
479
964
880
448
52
360
404
673
441
511
483
599
659
323
799
454
904
802
904
844
495
891
582
342
783
492
563
486
728
395
604
548
500
732
265
654
560
535
156
140
593
234
798
350
738
516
766
564
697
642
534
932
702
248
682
110
703
684
727
788
671
873
759
793
685
477
652
105
696
747
743
62
729
591
737
870
930
333
552
771
522
709
889
728
179
852
510
779
764
990
770
964
479
936
853
768
105
51
945
693
54
805
171
976
893
33
824
942
422
803
879
980
640
86
714
204
907
161
126
407
352
177
651
840
130
464
105
128
466
373
101
171
161
254
324
266
825
901
176
210
57
604
303
388
358
855
939
221
21
184
646
298
406
858
442
103
0
711
357
930
567
644
765
25
183
5
986
987
598
281
540
499
179
918
229
200
458
562
286
307
426
676
822
618
536
559
97
805
313
546
596
863
918
396
58
792
845
1001
545
655
598
595
886
838
659
659
398
997
206
281
698
966
630
747
637
817
651
669
322
238
932
14
758
973
984
412
754
951
974
800
887
136
983
959
520
988
51
836
41
262
948
387
56
175
236
511
930
267
866
79
33
843
906
160
950
264
495
154
55
75
52
994
381
555
130
471
975
22
989
743
373
241
497
471
174
82
926
939
619
233
477
402
407
309
194
397
593
921
529
154
192
264
272
339
982
432
555
171
425
377
672
166
217
358
877
795
438
694
372
612
593
103
936
546
467
550
234
629
430
319
657
539
8
787
680
447
896
480
653
444
661
99
459
368
557
932
877
64
61
743
956
191
293
540
674
454
953
953
788
723
23
359
993
747
503
862
963
47
489
628
910
704
92
592
620
261
927
94
151
139
351
602
542
253
944
727
192
924
696
740
805
16
129
165
143
953
539
283
788
747
671
842
688
908
811
199
400
876
608
174
690
543
761
229
672
401
747
34
335
519
698
33
945
202
457
917
63
221
499
294
345
16
966
667
63
274
214
790
917
323
445
23
759
239
174
862
254
347
17
401
933
126
372
175
771
207
725
584
137
946
260
197
122
208
361
300
517
361
235
40
136
308
1003
501
1001
475
535
159
280
542
8
603
551
896
646
156
382
589
423
707
267
410
267
420
687
407
11
102
464
554
288
560
23
612
302
433
529
50
457
839
248
357
457
949
473
183
104
335
202
751
283
469
188
400
422
778
796
235
661
509
845
257
412
761
148
215
18
41
891
296
448
313
505
204
640
811
746
780
21
616
207
847
577
830
209
501
42
804
975
884
915
111
502
82
133
51
930
26
134
631
905
454
500
602
315
903
933
735
309
42
50
520
82
318
657
113
738
642
636
678
258
150
180
85
964
224
158
817
301
304
738
203
811
61
867
394
611
852
106
197
798
15
741
336
124
729
219
242
123
13
310
8
853
586
85
998
387
498
191
139
378
28
652
985
537
106
365
329
425
91
181
4
300
473
23
255
260
500
334
896
708
241
716
882
645
421
522
506
576
343
561
386
655
758
617
192
231
226
471
468
593
340
743
701
873
516
584
452
698
372
824
483
713
687
460
739
821
343
339
903
894
841
948
866
323
928
541
725
573
526
460
915
810
843
649
781
792
12
630
5
964
829
200
481
824
851
305
805
211
984
557
42
571
96
483
945
998
246
810
48
969
534
401
656
335
97
523
670
975
142
561
518
690
311
633
476
983
164
328
750
708
502
592
514
295
755
469
3
80
187
573
762
816
148
721
808
986
349
98
820
447
618
368
417
869
554
918
851
413
715
26
920
96
56
910
911
944
447
643
523
645
47
311
285
376
656
467
846
580
823
606
253
955
855
389
464
806
270
443
895
943
675
219
12
969
468
758
557
585
192
790
536
469
706
935
341
915
801
616
102
964
635
222
801
306
778
269
516
763
156
739
749
986
271
960
656
198
599
102
956
852
844
134
601
820
10
191
86
927
176
923
591
208
173
41
295
142
305
800
309
95
390
145
55
9
820
100
184
533
369
284
115
481
63
743
634
796
285
3
170
146
329
688
961
83
177
225
531
323
579
342
31
999
191
324
678
248
89
705
901
329
172
625
416
307
925
52
92
80
353
158
74
729
199
193
347
187
561
418
491
630
594
575
120
814
320
357
563
452
649
829
631
861
874
382
329
357
716
574
714
89
783
248
903
535
306
820
282
677
403
585
357
672
954
644
673
204
838
122
464
939
713
625
865
621
676
163
270
410
505
473
549
638
931
658
420
454
13
779
81
682
897
586
977
255
751
253
31
27
349
665
167
816
114
66
193
811
635
92
165
418
712
123
2
201
973
94
250
31
189
9
301
990
304
274
699
212
247
347
417
432
760
129
986
974
571
389
159
398
252
466
193
40
451
224
768
135
175
487
286
623
698
184
231
582
484
997
447
534
465
225
537
359
511
215
391
669
826
278
704
538
391
594
748
484
616
969
764
333
734
526
963
694
725
735
556
503
785
695
274
75
282
387
416
569
931
782
794
305
586
151
119
999
751
867
565
695
684
376
734
15
340
561
886
777
732
560
724
61
769
811
420
590
844
886
562
9
964
534
818
886
915
880
797
865
508
735
9
48
790
899
744
249
73
620
506
620
296
229
5
343
55
135
585
652
641
954
843
948
214
757
155
208
207
1004
848
538
954
262
94
853
570
76
63
210
832
306
261
791
306
587
628
398
503
146
859
442
589
409
168
722
4
170
554
959
19
587
306
385
923
272
589
587
308
427
401
534
563
440
119
567
511
445
72
983
184
653
276
671
510
560
439
123
322
644
529
802
621
159
46
941
415
394
188
43
101
975
523
40
630
716
594
176
456
781
576
926
735
534
450
207
568
622
915
690
735
351
39
82
221
341
733
329
819
694
705
738
562
661
954
311
333
620
386
706
712
877
796
872
144
544
787
692
517
757
580
574
375
830
572
619
376
515
690
909
923
512
142
53
910
150
580
853
911
793
813
160
831
535
785
763
642
798
723
811
944
49
948
844
800
834
771
921
924
137
599
607
914
992
775
12
796
755
719
568
54
969
827
243
331
455
213
80
172
687
851
710
252
377
940
104
813
29
838
785
963
701
384
123
526
127
332
783
440
853
76
86
97
320
77
314
2
840
377
298
377
256
345
62
361
822
77
224
60
415
292
201
120
251
406
262
429
367
161
113
93
712
346
316
532
1005
520
270
570
600
805
889
203
576
484
292
18
424
30
304
649
60
634
455
805
143
278
176
577
573
550
401
442
0
820
710
365
241
795
13
218
889
384
144
683
597
703
349
388
775
34
442
859
453
22
156
909
879
261
449
575
656
113
769
33
744
833
586
864
477
734
404
844
534
639
620
929
644
914
481
191
892
739
667
698
752
92
858
131
963
994
16
211
545
152
792
822
117
340
747
759
777
1000
896
125
798
805
749
54
309
895
714
608
630
92
610
899
923
921
353
280
225
920
109
40
949
978
815
190
6
316
179
588
625
970
626
970
55
213
924
264
447
937
77
850
180
487
211
109
504
429
176
295
242
325
16
72
661
420
986
466
275
455
262
21
411
947
42
310
458
482
187
106
442
262
736
139
666
498
112
580
163
529
480
563
737
279
477
396
316
413
669
200
867
622
197
297
185
483
300
329
941
580
432
111
324
464
704
314
347
782
596
420
634
526
140
896
859
719
744
960
151
763
519
444
584
602
533
384
472
846
831
864
866
686
536
496
306
893
2
587
177
185
716
445
148
263
685
965
856
875
295
455
502
977
6
781
87
324
475
622
635
337
900
630
860
822
557
107
347
648
710
469
632
798
740
11
53
646
30
86
674
156
440
113
74
718
90
222
688
437
868
667
192
141
172
98
780
573
23
97
770
190
593
771
640
828
616
263
254
193
782
257
295
86
247
231
84
198
436
256
412
594
761
874
634
437
806
666
597
492
412
297
980
788
320
408
487
746
539
396
879
1005
509
520
62
114
909
290
93
742
648
685
359
654
440
436
132
733
440
462
573
429
944
334
43
544
6
854
621
446
781
956
496
336
684
693
32
607
772
168
831
723
187
942
191
159
817
871
1001
255
944
532
170
377
235
900
920
591
126
540
830
350
722
916
173
12
53
937
850
535
748
85
771
31
851
729
934
683
123
968
286
183
687
87
60
129
95
830
43
776
54
128
653
359
995
277
466
222
535
127
103
557
634
20
744
345
708
475
362
956
784
370
901
757
928
497
360
531
316
808
291
385
884
111
802
490
562
537
631
714
454
440
310
417
358
183
434
280
443
681
317
926
850
707
543
38
466
8
739
569
395
670
580
586
3
791
867
582
65
512
722
404
748
865
80
775
927
363
890
90
161
571
892
458
919
566
587
934
667
671
951
959
923
141
872
353
500
839
885
480
627
777
430
646
123
715
499
813
280
759
922
531
446
802
729
955
15
650
928
161
30
919
501
248
617
85
840
309
119
944
957
290
370
949
471
951
416
123
169
853
78
955
899
180
436
86
258
252
982
927
783
490
247
384
371
494
222
378
345
374
189
258
1
474
145
208
428
670
457
864
273
103
534
385
239
720
439
518
214
499
629
605
345
252
923
641
77
718
822
878
695
567
997
437
649
430
693
449
773
647
604
883
619
694
626
894
900
874
839
879
475
588
668
835
584
862
672
539
803
655
823
905
551
889
924
863
146
887
1005
365
804
744
444
899
785
964
777
784
980
658
762
856
7
758
828
935
821
321
778
846
836
872
688
775
628
600
834
35
880
886
49
347
216
716
958
890
868
256
132
845
330
159
170
715
70
797
910
864
301
45
213
995
122
224
852
832
320
416
859
924
756
389
129
399
629
845
270
10
129
816
118
495
298
136
283
272
16
223
54
922
436
87
388
347
878
208
477
450
383
422
322
669
959
408
278
379
622
939
485
514
849
237
137
305
399
876
336
24
568
1000
513
471
2
992
217
507
270
587
281
382
452
939
322
360
101
625
430
669
587
589
355
420
563
294
420
696
167
434
400
279
676
614
347
416
190
574
513
873
719
87
199
501
622
832
216
769
593
104
913
621
141
478
476
563
452
547
966
999
390
919
834
788
551
154
755
657
336
405
114
578
647
773
505
474
898
96
716
549
805
117
874
838
16
427
958
247
546
950
755
937
1000
267
625
255
318
956
326
576
959
640
36
44
104
2
766
448
146
76
154
200
418
150
685
980
862
944
384
290
353
515
381
502
922
63
80
10
392
981
973
606
235
254
337
928
432
882
202
25
1003
409
145
757
263
896
617
187
970
462
159
92
92
195
19
928
647
688
710
668
437
256
105
215
544
688
814
50
577
98
84
674
620
118
773
441
655
545
663
543
98
272
572
551
126
462
143
970
419
576
306
662
148
660
743
679
830
284
452
123
78
446
612
394
818
741
256
759
583
88
281
642
148
305
599
815
278
79
372
169
609
886
717
354
377
663
484
154
805
175
422
823
829
658
851
836
842
919
210
423
106
87
150
803
874
167
602
189
299
1004
807
70
224
292
117
478
168
196
561
58
262
823
311
824
110
84
542
450
255
677
622
49
150
488
952
85
126
756
651
80
308
357
130
148
948
280
173
578
478
258
335
967
521
562
146
501
266
60
32
133
794
784
451
243
97
501
191
231
551
838
768
883
30
432
249
350
521
417
237
662
463
466
118
366
928
628
236
512
276
611
371
569
718
324
480
556
773
645
69
142
79
787
826
442
642
128
386
43
820
754
12
804
485
889
886
691
936
291
35
834
916
967
678
892
754
170
883
596
643
363
432
531
568
245
862
984
354
961
944
988
130
390
585
808
1002
70
489
298
969
333
727
41
960
450
910
554
199
398
31
956
587
309
210
60
671
82
123
730
826
124
812
653
887
310
878
51
695
170
741
80
203
736
845
981
153
704
799
886
426
847
281
391
575
990
958
694
419
474
197
489
124
447
68
189
538
929
317
247
13
484
51
637
171
255
660
545
24
19
244
603
876
259
250
438
1005
216
954
983
544
745
451
187
320
703
664
725
235
585
518
133
908
893
704
977
890
117
200
30
100
748
573
795
286
605
246
622
807
523
664
169
841
511
510
828
725
357
288
330
335
376
764
403
903
626
655
277
435
182
286
375
562
408
71
316
530
873
372
956
325
404
219
514
436
646
430
467
586
157
18
801
555
121
164
393
658
551
469
151
988
388
384
524
65
549
737
248
71
415
828
703
699
301
206
369
148
640
12
465
139
814
917
673
162
549
837
520
479
346
249
389
512
407
682
29
182
830
783
635
862
463
189
814
209
152
153
901
6
312
57
24
685
144
862
173
226
555
661
316
782
848
850
958
470
327
587
596
46
1000
26
894
737
634
213
713
704
496
205
150
889
80
618
306
801
220
882
76
914
90
893
257
308
422
464
972
211
554
179
661
598
606
945
777
518
42
249
49
616
652
69
519
286
268
947
847
583
355
329
433
505
779
229
71
354
399
488
215
161
480
250
200
416
331
150
452
249
372
322
870
85
444
24
116
400
635
932
746
801
471
566
661
230
888
585
28
363
17
615
825
308
523
1006
561
857
501
336
615
733
553
268
632
698
750
772
792
842
707
21
538
841
491
427
467
138
633
231
495
463
956
379
577
772
570
601
242
786
276
212
96
704
951
878
595
455
847
131
52
65
933
138
988
423
552
183
5
726
95
261
222
886
195
232
278
224
31
624
392
948
601
185
4
6
257
130
437
834
795
837
201
387
940
684
733
792
61
809
120
12
755
581
790
713
175
516
882
34
204
345
538
347
276
241
872
377
447
397
280
413
284
787
88
734
357
348
550
459
572
495
841
672
341
841
770
895
548
875
847
719
325
924
847
756
170
193
333
474
228
533
867
391
797
138
571
210
728
784
841
156
691
997
523
726
607
521
362
860
586
518
869
520
510
572
679
752
820
424
638
776
779
564
618
754
44
388
22
571
982
435
2
913
654
368
400
909
37
613
708
837
931
904
34
941
299
23
5
941
979
144
622
854
317
908
870
996
61
639
774
52
368
884
598
416
266
145
971
817
157
555
387
52
268
964
384
664
736
61
1000
972
540
565
377
176
951
976
836
375
692
342
984
843
771
158
305
862
137
318
239
855
927
106
886
921
364
130
178
551
855
627
192
318
14
261
403
475
138
777
175
267
382
453
464
101
589
618
148
319
497
45
969
248
270
27
71
409
504
598
523
467
777
211
656
714
507
516
71
481
793
647
575
569
385
490
423
474
873
922
894
239
499
672
756
514
601
421
519
481
664
297
980
470
703
297
890
44
497
731
892
612
779
49
891
192
772
71
715
720
885
628
728
741
269
238
763
141
690
714
685
96
943
848
246
41
205
931
720
772
271
111
53
244
374
3
522
62
921
141
3
137
129
909
603
164
341
295
158
50
0
277
132
461
330
915
997
714
88
171
117
286
410
156
284
778
450
472
586
387
712
89
342
360
800
854
919
100
107
118
888
168
365
88
63
422
178
166
652
523
261
293
979
535
373
218
58
879
367
390
198
921
141
383
508
433
424
712
327
471
260
129
351
654
182
96
841
755
662
390
394
547
707
201
288
422
284
850
38
39
292
55
463
393
536
397
646
235
161
506
160
429
17
707
251
743
500
302
854
919
462
598
117
545
876
279
41
447
416
722
227
441
614
391
757
403
475
780
918
867
533
375
577
703
868
389
287
652
794
817
593
728
550
659
133
712
116
345
628
689
357
907
660
879
451
372
907
293
711
605
955
297
209
705
63
681
936
465
856
950
893
478
435
110
693
198
458
738
145
339
910
123
658
66
21
503
217
429
830
78
245
254
953
199
1000
67
932
540
523
295
433
909
610
418
783
500
100
544
932
738
543
345
311
201
439
899
925
226
879
577
476
263
312
270
406
57
181
702
474
19
717
504
126
587
460
278
564
372
55
279
259
288
393
575
267
395
491
552
44
165
671
265
575
663
1
545
123
908
695
703
206
480
727
964
379
312
737
264
670
971
223
194
398
20
809
741
693
440
757
872
361
778
105
654
718
569
573
144
969
546
463
661
671
733
165
880
752
963
808
633
989
351
856
338
981
976
34
108
673
732
644
152
726
965
797
472
745
232
825
875
953
304
487
378
370
618
366
886
114
37
366
557
47
881
622
242
847
633
514
478
339
510
291
93
172
728
381
26
563
246
667
599
188
146
813
345
50
832
229
631
653
403
146
641
601
873
254
321
628
533
745
652
675
229
357
690
451
160
586
621
375
797
779
762
261
15
50
996
673
1005
202
417
550
623
330
213
335
443
337
867
923
276
292
291
192
550
276
519
830
715
149
833
635
215
651
185
838
202
23
992
246
744
348
468
590
83
695
617
113
345
97
731
858
18
7
975
522
957
561
341
871
637
946
317
768
451
66
429
413
775
235
322
632
723
709
475
368
452
318
756
2
265
971
511
174
295
198
476
460
868
757
910
332
298
103
641
380
833
234
2
414
23
616
815
220
599
842
315
193
478
71
343
779
267
747
290
102
215
843
993
600
685
621
360
242
85
786
170
696
662
564
318
422
444
204
543
868
429
244
258
23
557
514
454
125
757
567
891
238
305
531
485
543
817
890
22
88
190
484
705
1003
604
699
880
679
289
655
816
479
691
637
757
519
548
548
475
782
219
480
114
947
191
588
855
583
937
71
659
45
272
286
954
225
203
562
1006
417
387
399
791
638
782
300
795
733
205
551
68
665
801
210
491
87
892
108
790
440
140
200
8
908
307
6
51
478
597
41
342
39
958
90
944
89
682
461
954
160
268
119
72
51
108
869
366
911
507
271
918
963
126
997
949
135
475
669
710
725
844
961
794
69
53
894
419
403
837
377
524
666
228
875
658
707
65
286
408
454
652
244
938
160
782
674
54
170
216
416
180
933
291
404
262
17
416
450
466
93
383
987
160
921
495
412
30
498
245
484
84
70
944
553
468
887
491
260
258
739
245
10
311
427
616
52
518
716
194
75
313
114
343
190
36
743
390
115
143
343
856
545
692
972
276
604
585
69
632
363
830
34
709
725
335
708
533
781
326
179
70
185
365
512
267
913
622
771
801
758
566
551
960
937
213
742
13
290
102
742
428
397
511
938
214
266
872
688
549
211
293
1005
286
551
320
237
108
506
607
467
659
668
356
400
203
456
266
145
538
381
485
42
323
718
171
63
696
814
329
595
358
301
421
389
188
611
292
983
53
447
962
212
537
266
623
720
331
264
983
472
810
533
470
310
675
326
422
278
125
704
889
952
354
432
782
367
633
265
513
918
87
729
459
132
726
484
531
977
843
878
813
566
579
794
615
288
819
967
601
640
545
361
638
947
857
732
912
504
559
769
844
66
879
946
444
825
579
661
614
213
819
243
938
983
4
340
73
834
881
825
130
799
1005
208
43
846
85
716
70
431
182
746
65
154
510
91
907
124
714
968
273
527
89
881
15
119
962
338
852
971
943
251
140
35
470
27
47
405
321
115
824
170
754
394
97
956
57
288
910
377
500
526
835
202
221
44
352
403
446
557
160
397
306
696
360
470
644
84
790
26
533
385
873
784
340
223
605
505
28
120
507
584
680
260
266
385
182
640
472
124
112
995
412
770
248
459
337
515
876
306
462
569
474
676
531
724
525
927
658
93
952
423
6
550
229
275
697
570
149
864
659
876
183
79
585
983
25
185
588
5
832
522
592
510
480
596
674
611
984
778
661
916
175
407
706
903
591
731
713
859
307
223
209
583
685
316
709
42
295
463
394
152
353
424
944
41
85
334
18
45
886
978
845
776
78
311
65
979
294
180
638
407
348
645
431
706
880
61
213
232
601
419
232
716
859
789
624
975
675
631
23
786
13
42
81
378
365
683
330
206
97
522
458
269
809
758
221
920
613
317
322
562
814
207
205
28
612
460
243
82
33
536
334
16
233
304
194
731
833
55
526
353
674
15
607
837
626
492
729
488
852
440
558
63
377
934
309
388
346
87
676
512
646
935
730
880
454
506
475
587
912
592
83
798
587
65
326
997
503
67
679
656
309
806
471
219
891
440
479
749
119
869
279
893
430
741
520
271
258
571
935
16
193
24
299
300
854
196
20
109
802
160
463
779
981
886
28
75
376
550
909
856
55
452
246
40
737
11
272
974
691
33
131
980
443
689
994
291
305
665
968
821
19
681
202
809
848
619
121
269
185
143
485
81
624
197
330
271
897
453
459
915
792
925
886
0
44
137
884
692
677
410
410
460
277
51
593
541
473
80
304
959
325
357
389
35
830
383
86
247
231
584
863
927
74
28
512
597
665
159
347
108
393
150
340
466
548
173
281
633
258
226
66
985
243
22
144
630
66
702
454
526
660
451
753
925
633
997
844
664
102
834
598
694
453
380
788
386
442
395
669
478
185
539
260
383
602
47
496
637
640
138
313
793
121
446
736
753
367
866
369
589
527
365
753
992
902
890
779
648
792
872
627
499
466
288
662
176
585
661
564
622
706
91
541
574
17
679
731
180
906
215
766
654
904
825
878
704
402
708
558
93
285
148
697
394
565
73
520
679
327
954
155
177
628
177
845
70
259
7
989
56
575
72
222
900
953
7
806
707
181
217
901
605
845
810
392
939
241
418
390
253
830
857
29
768
72
20
185
968
869
209
271
986
61
317
486
832
701
883
823
534
872
559
718
435
910
482
29
713
158
723
317
678
1001
136
189
677
43
114
60
877
672
939
42
121
66
189
48
663
738
799
240
488
102
39
45
676
936
932
714
852
3
559
59
305
180
2
77
561
664
255
41
356
657
317
648
788
688
117
807
710
31
137
122
619
905
42
616
324
159
127
341
354
310
944
852
130
225
817
256
241
618
753
236
305
234
860
307
249
21
256
15
418
51
857
391
465
361
414
845
19
910
56
17
38
85
81
192
355
41
857
511
681
652
736
10
679
732
259
813
457
476
612
591
878
153
535
324
113
764
993
188
99
652
179
802
250
610
351
136
702
799
941
702
268
734
697
44
215
607
311
982
926
512
623
455
52
721
886
254
422
945
925
238
781
756
778
584
321
898
932
339
643
324
986
539
345
877
605
94
103
451
893
731
434
622
686
279
31
388
9
919
950
602
617
353
679
266
320
525
935
591
184
8
437
691
229
206
323
763
406
825
120
687
41
122
335
742
785
343
825
667
400
222
647
648
758
332
793
881
557
80
316
948
310
733
486
223
441
626
332
853
421
377
32
716
660
621
739
823
309
522
461
665
667
164
843
499
405
578
178
943
858
310
717
705
539
285
893
613
339
337
93
478
517
418
654
442
416
681
622
1001
178
131
603
291
504
338
907
512
872
450
196
633
284
269
54
722
922
836
654
602
67
814
727
960
110
695
586
278
166
833
602
444
987
664
978
254
716
179
410
909
800
142
82
475
508
845
580
83
294
982
475
79
768
633
81
297
157
283
100
388
876
277
667
932
306
782
544
751
449
663
443
95
952
593
254
343
120
154
814
417
350
973
919
423
880
629
297
901
979
960
808
19
769
161
87
319
344
379
224
657
912
287
988
649
444
917
723
386
249
830
995
267
754
33
609
320
711
339
29
472
747
173
785
79
302
159
518
414
535
470
123
212
91
385
117
192
980
867
80
101
244
594
357
25
157
49
335
244
675
959
275
223
719
53
161
899
424
435
562
588
575
102
110
616
894
204
432
367
475
428
939
52
532
341
549
276
266
960
524
202
754
602
487
642
459
85
295
273
651
628
681
891
545
89
51
354
266
663
502
972
506
749
755
764
875
725
348
816
471
682
450
7
225
457
270
334
138
385
887
588
934
622
715
620
902
797
598
631
712
398
604
946
176
700
162
638
687
211
825
850
321
801
938
555
66
620
17
275
915
117
698
451
689
513
847
290
95
677
568
745
947
802
637
866
532
560
78
676
803
636
959
407
896
972
359
935
811
793
534
667
861
125
158
744
733
179
370
417
344
834
649
897
964
191
707
733
634
11
79
307
783
459
561
855
987
775
484
561
239
228
291
110
708
197
253
800
806
76
945
710
189
859
774
243
114
304
247
944
529
589
895
351
347
54
804
933
838
176
528
263
784
829
553
492
270
55
479
177
726
548
563
221
159
454
14
34
725
403
169
592
51
100
432
886
696
432
249
694
795
143
823
514
379
166
277
991
468
51
932
731
580
655
479
908
326
958
710
832
113
3
292
560
952
921
780
620
700
704
892
814
734
166
466
248
120
736
71
634
894
116
602
566
887
563
963
867
944
887
982
95
1006
692
623
577
791
793
5
79
369
296
501
821
520
487
64
826
426
456
243
283
225
112
135
503
782
155
439
407
208
884
708
405
822
450
86
306
631
712
250
914
366
235
179
40
366
104
474
984
423
822
377
726
170
213
303
497
60
418
496
29
206
519
743
876
744
455
560
443
644
321
795
795
381
404
322
921
263
562
737
642
1
246
564
394
462
521
479
753
215
555
586
253
394
797
568
664
695
743
774
593
977
735
831
76
355
654
384
185
517
884
406
295
851
111
30
627
344
759
649
932
426
896
231
591
332
451
845
0
994
748
735
279
63
114
861
938
42
418
796
403
336
802
154
962
494
322
67
964
667
713
52
552
911
179
908
941
924
852
48
94
787
723
306
71
211
178
957
606
364
779
436
200
91
629
164
278
545
41
511
400
873
951
998
273
660
351
552
513
225
67
44
938
997
2
78
224
271
956
973
98
84
312
836
951
216
979
290
259
361
240
563
378
806
515
930
121
235
444
311
451
451
581
432
613
524
738
421
751
114
90
128
522
75
317
721
369
203
549
810
24
428
104
492
518
344
302
523
468
215
533
572
518
910
719
242
460
848
517
992
831
653
559
552
632
52
70
909
131
189
563
643
130
503
579
763
616
842
905
697
628
189
462
280
273
859
396
711
668
820
602
614
863
470
885
309
321
14
853
237
927
848
332
398
465
215
768
364
801
623
812
359
255
415
851
756
130
105
572
89
105
996
10
236
153
6
298
810
125
237
994
567
756
438
212
430
85
277
396
252
293
996
598
23
542
54
382
552
675
35
128
128
758
962
376
226
144
4
403
716
696
666
974
910
910
206
253
240
365
420
474
1003
939
994
184
746
143
802
347
119
505
733
311
184
623
687
365
352
272
315
763
503
70
677
300
242
624
750
199
252
758
409
113
498
282
109
49
327
74
384
645
718
526
823
126
895
762
113
880
241
461
599
736
798
325
553
234
891
847
602
243
717
29
481
498
158
308
98
883
195
50
699
937
664
544
848
90
620
734
656
12
37
15
793
212
726
662
2
91
895
41
1003
861
788
353
2
839
866
974
283
497
598
475
567
475
418
176
752
220
124
417
925
158
960
250
380
578
369
813
974
712
632
472
805
327
628
114
130
570
290
40
205
933
715
166
517
285
329
38
578
21
385
93
39
62
495
183
694
962
595
849
419
679
958
195
289
509
744
97
469
883
989
364
596
558
154
147
867
654
257
22
950
957
306
949
305
957
478
230
60
490
439
2
301
593
680
142
430
936
52
728
508
88
39
984
290
272
784
763
51
43
500
411
176
455
484
671
416
792
531
828
933
797
605
899
373
436
113
1000
689
301
824
352
391
28
417
548
579
824
127
246
700
837
721
922
341
984
925
836
703
61
639
476
952
51
757
760
41
320
810
544
275
478
588
191
829
404
885
2
342
910
429
343
265
496
913
110
170
188
20
630
351
961
317
525
386
605
842
524
696
781
328
167
230
106
422
229
221
502
404
574
624
931
94
665
505
408
850
349
191
650
405
633
966
650
42
384
230
183
16
720
847
749
322
692
106
969
567
416
71
77
647
646
895
959
546
987
47
988
290
237
409
891
89
694
882
545
784
109
492
114
916
208
928
234
531
520
44
884
707
650
632
15
556
472
763
519
47
946
797
419
212
480
702
662
694
173
11
877
58
452
205
100
472
291
649
617
344
869
829
772
20
9
149
661
518
96
512
172
603
516
91
962
344
800
92
823
205
889
363
713
173
778
533
65
530
841
642
170
543
372
758
63
196
757
240
987
391
341
358
9
674
594
483
282
582
149
777
581
232
300
263
837
283
93
796
581
256
867
501
411
776
980
954
804
114
481
665
646
206
872
910
358
250
343
684
107
688
626
670
624
787
795
801
384
433
128
554
574
61
475
479
704
46
481
883
260
402
750
732
506
674
928
200
99
509
633
137
712
902
734
991
159
535
273
786
871
37
1002
825
630
542
113
147
83
759
264
100
360
608
654
477
665
394
675
22
878
326
922
966
487
598
863
46
51
530
98
926
172
110
47
912
151
108
131
929
633
620
722
108
868
419
157
806
111
103
886
942
620
988
519
878
515
201
694
54
781
630
584
201
118
726
310
623
868
200
810
641
230
841
332
323
748
12
371
139
927
489
610
129
199
348
398
120
38
460
930
876
86
306
403
294
137
384
763
216
734
842
189
403
646
413
734
293
758
132
705
666
866
468
904
389
516
938
109
592
96
668
556
792
958
784
600
647
815
567
932
733
617
413
758
861
181
717
160
306
558
461
2
359
466
809
325
301
915
907
698
952
741
603
125
940
559
170
848
17
942
72
341
13
960
77
903
90
226
823
413
88
921
409
113
562
842
571
119
433
133
235
889
344
28
938
130
23
924
945
905
957
9
123
375
280
129
319
703
129
953
7
413
219
273
820
733
145
5
8
258
703
558
416
331
697
902
467
158
886
248
480
407
321
424
865
126
469
108
407
275
471
945
724
425
454
71
146
407
197
446
661
154
189
210
887
317
520
665
607
527
798
786
710
48
685
188
203
796
391
183
662
63
910
230
138
716
687
217
235
935
657
620
144
881
1001
146
210
643
494
582
309
914
490
303
789
392
31
64
935
724
4
900
841
214
740
34
248
72
416
561
802
564
205
669
86
784
189
346
979
504
136
103
367
195
987
974
799
180
893
779
955
120
174
201
305
973
909
21
30
43
307
71
115
473
774
675
932
876
818
689
80
52
132
91
202
311
135
430
831
339
51
992
16
615
169
163
30
484
250
223
137
232
314
432
722
786
979
184
233
463
374
139
554
522
260
512
214
363
585
590
425
140
286
614
120
749
538
36
446
540
618
580
566
52
469
572
198
545
472
373
861
441
506
290
730
594
707
832
557
482
623
582
163
8
1003
159
138
814
298
530
349
61
537
466
565
570
773
969
970
652
848
158
20
726
384
610
438
107
434
135
54
352
169
78
654
180
881
629
143
313
745
895
263
443
794
617
75
528
267
993
524
937
351
87
323
224
975
296
949
102
632
684
892
73
1003
370
75
231
410
115
884
133
36
219
820
584
34
201
183
496
97
608
182
4
174
306
923
933
115
755
340
339
422
295
667
873
684
554
760
181
191
474
426
229
80
83
876
273
421
837
69
37
256
158
498
878
15
521
530
972
48
595
322
545
11
777
959
637
720
895
517
94
564
821
761
223
587
903
280
282
305
567
643
594
300
123
263
509
120
306
866
851
14
785
493
620
514
100
645
743
245
625
10
26
327
636
759
693
650
758
131
767
80
956
717
312
809
318
502
912
367
871
684
393
982
259
689
646
387
41
353
910
147
846
419
515
565
756
755
532
579
141
552
639
674
915
898
156
535
444
223
389
943
509
679
217
813
609
41
401
581
193
778
75
569
674
743
266
744
102
27
384
243
39
161
289
193
536
272
974
5
134
779
256
320
257
969
315
132
677
936
750
477
268
860
316
606
45
237
839
419
185
67
172
121
962
983
458
938
373
94
93
898
429
168
876
94
879
481
881
213
879
244
798
832
257
130
44
616
690
676
842
82
164
944
492
773
973
241
373
765
874
876
377
439
593
552
884
978
780
382
468
173
239
599
68
273
608
468
530
873
445
982
262
249
796
352
487
90
765
311
487
575
532
940
107
246
901
939
1000
588
16
84
619
328
308
654
671
969
548
587
1
452
221
97
984
347
48
453
152
265
534
833
126
565
647
484
365
982
996
190
351
305
24
787
883
911
723
153
569
621
347
686
410
62
739
873
809
599
279
315
58
727
292
217
264
154
225
121
747
358
710
848
715
823
381
757
836
355
756
157
762
116
384
204
9
761
12
237
749
434
0
537
133
831
471
839
787
8
272
423
921
12
353
873
106
405
544
568
838
770
574
355
788
278
784
21
53
375
94
509
91
512
837
15
879
389
957
813
988
899
788
821
781
26
936
818
238
241
551
80
408
49
753
245
494
174
636
279
702
532
393
980
169
448
990
519
888
700
526
901
334
600
648
425
259
944
934
465
920
174
200
808
532
241
905
982
205
963
279
144
830
879
128
440
534
9
892
929
233
101
816
919
813
428
868
390
313
192
765
597
958
128
383
256
744
322
346
439
334
23
544
465
194
406
980
295
278
402
842
856
829
155
124
874
697
489
886
591
550
102
472
15
323
770
838
851
197
830
76
569
50
870
931
931
132
823
887
416
564
441
647
487
616
737
229
147
133
4
381
683
646
523
966
1002
595
48
653
65
287
258
307
513
306
232
465
789
150
177
917
192
665
452
242
565
414
451
269
577
766
39
813
928
161
592
989
521
46
759
346
989
380
725
509
413
277
62
617
307
29
248
606
573
717
56
190
396
432
159
116
131
345
175
590
507
665
174
845
191
173
130
389
674
876
613
671
708
472
532
56
545
879
328
196
114
952
795
524
471
525
574
180
353
127
87
599
302
355
675
593
518
644
213
958
412
12
279
516
461
533
324
899
637
769
459
554
306
439
870
795
278
693
340
269
72
646
452
614
968
343
410
644
701
1
964
642
743
480
49
344
589
406
565
792
847
288
711
383
42
576
412
545
356
459
566
562
39
380
569
11
702
187
525
114
722
797
678
773
775
466
676
91
356
590
445
746
675
335
692
569
943
414
302
651
227
377
884
4
284
982
250
202
455
767
206
712
168
14
952
536
192
925
220
73
624
328
909
525
40
85
245
837
178
954
350
177
310
473
119
91
532
212
855
90
818
444
887
625
881
366
317
28
301
541
145
625
35
238
651
949
847
448
225
163
157
203
813
936
611
563
103
268
725
132
383
660
365
568
954
208
353
54
433
661
140
991
113
700
717
177
469
32
36
610
367
134
384
218
969
363
508
179
971
700
508
356
708
405
388
82
180
186
23
147
43
825
48
32
751
674
385
270
25
540
303
15
860
744
737
539
634
669
329
762
782
853
848
992
83
399
184
233
777
571
125
162
102
927
259
895
845
787
303
338
52
87
173
771
212
228
65
580
821
3
525
744
750
988
605
627
326
60
432
744
122
699
400
253
48
140
358
119
526
386
404
503
759
431
404
972
520
687
685
5
446
790
243
340
209
298
612
437
571
800
376
330
88
915
972
710
134
307
561
303
780
557
164
973
275
774
615
265
413
848
139
557
575
413
403
176
540
630
438
2
707
582
735
271
65
630
1002
168
497
349
565
174
385
925
58
244
993
944
46
951
351
242
820
570
380
848
424
494
112
451
832
919
293
490
689
464
152
889
482
730
397
446
800
626
664
636
363
35
26
929
492
366
909
770
902
641
908
444
925
240
160
440
285
396
371
497
378
511
299
369
899
219
419
10
447
248
724
458
526
539
262
160
706
933
270
814
415
39
953
491
882
880
553
493
705
763
83
291
354
453
709
953
486
374
93
670
696
99
909
901
223
842
325
207
207
560
759
774
230
189
156
207
70
13
903
946
141
595
1001
411
192
519
822
406
936
213
833
359
441
279
152
249
942
563
663
849
421
714
397
302
132
599
407
172
229
456
527
179
486
143
338
32
854
677
858
98
267
574
656
112
511
363
423
109
897
58
487
640
201
672
409
7
27
472
872
241
476
512
40
225
889
966
214
582
329
629
972
512
397
637
803
654
335
268
357
290
599
944
858
965
747
593
422
617
615
673
504
548
48
696
921
555
589
666
248
197
728
175
523
179
571
133
777
74
580
522
927
543
640
560
74
648
555
463
15
382
728
482
905
149
516
576
679
958
514
169
420
218
54
73
632
244
106
638
715
452
319
228
841
664
746
822
821
42
722
598
714
314
550
809
563
498
332
734
572
125
687
140
943
459
774
387
186
726
682
665
483
495
134
730
825
0
748
234
565
1005
234
625
337
284
556
319
871
264
235
931
206
892
327
635
324
981
339
270
528
710
53
613
742
884
567
414
501
842
129
456
597
208
641
149
219
209
104
926
820
588
730
290
73
85
346
32
285
678
429
368
171
160
897
693
807
57
767
894
994
497
205
271
200
331
170
371
199
791
180
571
782
644
733
273
734
31
970
481
50
647
119
446
486
300
417
778
126
178
607
882
1002
987
162
970
124
369
828
471
886
428
247
233
483
363
631
186
490
376
922
189
420
389
107
337
326
453
140
1005
970
238
238
220
101
892
329
54
692
248
869
885
644
23
917
809
873
653
286
816
181
188
138
341
246
121
390
204
396
416
642
147
91
621
181
53
763
576
167
117
762
674
763
307
550
315
62
724
189
774
951
939
638
12
429
226
633
76
80
444
340
380
520
358
487
25
759
82
137
358
452
490
631
176
107
448
440
869
283
828
203
225
213
968
685
883
967
342
609
868
888
257
797
564
273
212
364
562
246
880
783
104
842
910
370
787
93
635
349
232
107
4
685
905
435
412
404
918
869
803
55
479
654
924
182
652
877
234
342
55
573
928
941
750
241
190
109
398
74
182
178
211
774
736
481
802
165
190
222
836
704
491
751
417
471
668
944
900
585
516
421
477
776
68
10
498
379
280
558
785
630
705
519
4
57
112
561
293
802
931
601
0
50
642
375
602
119
951
812
797
332
694
78
301
902
722
708
644
104
851
502
361
355
136
52
726
569
941
421
348
234
707
668
915
748
480
277
710
264
183
301
945
622
607
402
353
300
430
895
66
184
91
828
868
163
403
567
709
814
149
377
730
758
825
309
101
638
884
792
426
10
782
1001
581
788
280
886
952
868
432
504
421
473
803
948
257
852
550
988
706
867
849
520
420
84
666
822
772
106
499
459
470
224
38
45
79
467
212
493
561
849
411
982
143
494
158
653
979
95
110
202
886
304
907
371
557
518
991
169
127
848
417
98
926
103
635
65
231
835
997
776
16
673
965
986
961
261
485
728
885
95
391
389
147
1006
151
574
825
876
741
724
51
395
767
225
494
165
925
562
505
407
718
573
534
623
476
557
553
833
837
575
936
982
648
167
440
681
243
435
138
800
364
738
140
830
717
433
228
20
15
604
871
286
618
472
102
974
60
672
727
73
846
223
255
398
776
177
449
805
3
276
815
989
398
571
1002
132
888
934
803
726
299
543
891
100
856
474
75
148
810
339
128
365
275
495
277
396
479
114
321
895
748
618
625
853
990
968
891
270
787
170
16
60
820
609
930
224
214
988
486
550
985
735
713
522
631
735
94
703
895
779
14
741
1
264
39
183
679
81
276
179
374
144
53
451
854
559
271
799
423
679
262
791
553
194
629
937
336
515
123
893
639
127
422
518
576
90
964
316
930
739
341
620
806
813
377
149
981
344
364
732
253
241
391
341
724
162
984
324
543
594
363
822
533
410
83
497
291
626
658
164
275
855
937
829
462
153
637
689
888
365
554
115
604
142
128
343
701
846
246
608
354
108
575
600
98
850
764
58
695
764
851
308
851
226
284
112
469
258
275
621
373
24
364
701
11
978
498
903
123
297
760
30
557
24
167
122
667
975
467
664
277
54
723
860
101
393
965
31
121
872
918
766
579
993
155
107
917
66
738
374
993
550
129
651
287
956
842
859
316
388
868
95
533
447
345
828
871
24
450
238
786
638
649
169
389
320
96
475
661
408
950
115
732
698
909
19
295
813
468
715
472
545
244
765
948
178
695
857
624
482
403
455
993
348
82
755
527
251
623
874
605
444
383
472
305
264
761
56
254
902
78
567
920
271
554
508
913
821
436
503
550
921
209
657
545
241
603
480
319
197
392
492
315
866
213
754
474
206
839
118
657
984
765
667
176
659
241
203
193
694
839
822
57
666
45
339
831
311
414
989
75
747
147
645
816
400
312
173
940
16
883
239
2
546
852
977
71
324
600
189
828
331
201
402
159
959
18
602
752
650
336
531
517
701
366
354
637
661
289
387
911
642
729
267
325
183
464
356
450
637
497
68
335
258
971
540
40
847
639
326
77
443
58
498
70
585
436
626
672
773
579
955
372
268
631
791
217
806
611
570
912
188
241
127
733
230
605
898
913
869
812
858
724
955
240
113
951
728
314
410
391
256
81
989
356
883
626
673
211
430
271
611
563
256
415
29
625
949
811
627
502
414
422
34
963
44
989
344
957
943
576
265
54
589
127
99
985
0
779
424
881
85
653
620
813
638
154
494
1004
380
203
775
232
306
781
293
297
598
586
150
771
477
512
333
274
809
387
787
849
349
101
773
947
941
500
569
431
808
526
297
500
144
0
203
884
305
174
412
666
539
878
435
896
196
126
868
154
241
979
289
185
350
568
242
160
743
7
114
315
388
691
754
177
649
215
190
433
614
64
142
292
973
945
857
811
767
998
326
824
761
289
766
787
380
583
510
643
547
221
180
771
480
349
553
122
478
420
765
37
544
345
980
883
115
127
959
669
269
428
876
160
387
511
798
312
773
291
202
754
547
906
425
344
722
457
1001
748
677
599
354
255
895
159
395
285
438
230
563
361
139
739
850
856
575
507
749
980
565
426
309
489
923
320
648
177
166
689
334
725
505
189
628
942
390
409
344
349
459
70
336
137
557
38
276
24
877
224
535
346
471
741
89
311
233
573
488
716
16
364
569
398
0
905
241
548
446
461
264
448
373
839
829
915
256
244
419
594
493
613
57
484
178
36
507
680
353
458
534
706
749
931
464
674
645
117
384
721
832
923
210
815
622
820
387
740
272
520
70
482
464
941
88
114
723
879
753
540
211
54
603
668
915
470
860
833
992
322
254
807
736
371
746
391
994
251
605
494
1001
57
478
13
36
782
838
123
902
117
307
854
36
219
506
356
910
921
607
922
425
742
877
566
997
343
133
668
489
748
979
525
955
387
701
887
131
425
9
765
63
417
516
380
439
518
323
810
513
99
297
738
403
990
970
184
491
989
692
830
509
178
226
368
265
581
132
468
100
84
46
238
62
373
606
397
273
382
77
482
682
382
295
419
24
588
911
60
531
298
89
934
109
708
687
502
534
229
540
420
3
937
37
564
704
869
678
7
692
876
113
106
821
697
38
889
707
671
779
639
864
698
175
369
931
483
138
741
884
806
759
804
111
300
737
478
774
696
107
423
100
210
287
681
623
280
338
877
239
358
752
371
232
793
265
674
98
1001
381
61
215
861
809
149
874
447
228
297
113
883
628
435
843
429
345
553
1005
114
867
424
402
441
64
802
187
222
5
895
14
703
317
16
411
986
58
50
306
702
986
824
635
802
823
296
93
543
841
766
12
643
77
187
256
625
31
405
848
799
122
456
20
711
246
403
265
378
575
137
136
843
383
340
401
149
355
452
514
641
405
151
95
206
874
281
583
940
225
668
904
416
912
347
464
77
288
383
804
494
247
12
487
907
579
106
586
521
296
704
336
612
343
529
26
996
906
294
504
188
524
22
448
771
327
566
957
1001
719
615
550
291
675
332
578
457
627
680
1
987
792
331
849
406
664
636
864
901
334
30
790
800
347
34
867
202
914
820
766
47
649
401
37
69
787
524
183
642
113
726
319
908
762
963
848
772
798
532
798
919
382
749
27
842
224
64
331
825
827
952
195
437
483
516
441
529
495
751
561
373
51
828
619
158
85
92
816
198
490
323
243
213
594
702
964
999
9
871
331
290
259
574
909
374
759
247
642
155
193
922
970
572
479
357
556
633
652
789
255
470
313
488
643
823
338
141
235
79
14
125
116
667
651
427
529
518
502
315
462
797
740
473
858
662
756
630
37
859
350
40
358
376
24
370
882
30
996
111
389
873
178
104
331
121
615
772
817
751
1002
189
121
247
360
131
494
0
597
91
58
413
766
1003
0
184
528
430
255
458
149
162
297
614
54
298
829
546
174
458
804
557
881
365
495
331
108
305
1006
257
249
756
996
519
260
670
41
808
700
892
705
587
422
249
823
292
601
312
440
861
614
117
265
20
609
508
425
760
242
387
220
958
447
197
358
801
919
97
353
846
314
434
921
352
587
573
147
648
695
651
187
373
634
295
79
629
858
78
500
411
214
418
183
466
171
746
16
759
307
795
827
691
565
251
714
518
380
902
695
730
638
783
698
582
135
764
658
660
608
531
199
984
87
748
480
473
693
478
825
827
93
667
743
474
910
563
215
16
12
119
941
93
416
615
862
914
513
757
917
269
945
855
712
333
423
239
238
369
312
817
537
671
563
819
182
926
928
122
999
777
640
437
422
958
873
567
869
409
615
462
633
490
946
645
693
738
443
419
231
117
125
986
91
819
533
50
685
260
954
419
973
998
106
652
871
57
392
743
56
910
890
268
828
318
500
792
34
241
702
158
628
996
581
646
629
520
876
253
181
627
373
663
876
511
412
610
359
868
840
639
760
154
517
690
94
120
196
989
56
872
993
112
119
164
50
478
832
628
578
369
677
393
617
373
426
633
767
386
811
578
552
676
333
877
344
853
108
82
129
11
596
81
568
659
127
761
788
642
755
542
629
359
676
639
350
310
134
672
148
674
618
872
743
169
471
454
312
49
444
36
342
905
193
497
348
926
956
520
28
327
438
274
712
560
21
757
71
409
900
588
220
545
744
443
397
884
57
847
209
71
792
18
782
353
327
0
882
933
216
320
620
330
671
258
653
492
964
642
394
385
946
594
526
598
223
797
263
344
584
737
780
891
215
362
533
916
330
311
803
852
491
402
354
952
415
168
812
923
308
799
727
544
272
561
166
622
592
750
823
157
718
849
840
986
177
911
318
880
175
647
54
809
304
14
864
129
470
565
954
181
290
230
185
58
878
680
954
978
98
86
394
735
295
635
835
470
519
381
469
544
28
220
305
742
883
401
510
992
507
823
100
762
192
219
921
160
252
336
979
545
155
715
797
52
620
636
308
907
434
69
732
27
521
868
696
213
698
709
420
44
183
395
144
604
126
80
482
280
733
399
152
997
380
799
120
747
61
194
927
208
558
517
248
637
227
290
7
632
19
128
473
213
634
498
990
446
715
385
532
517
227
646
608
188
964
541
483
211
170
192
782
874
53
720
272
296
925
732
614
10
749
920
774
478
846
343
935
104
893
889
792
697
23
965
841
305
890
676
224
428
725
537
479
986
362
692
314
975
454
576
397
43
254
973
201
347
466
244
459
790
430
701
71
723
780
958
196
197
928
70
754
24
244
880
212
380
858
451
16
107
999
470
989
871
658
739
819
333
929
159
975
502
145
401
777
553
517
354
595
367
238
829
975
325
666
718
612
631
718
466
801
44
715
947
233
791
13
651
807
358
398
236
634
795
535
837
872
860
602
353
816
608
250
2
915
353
363
814
74
200
508
377
297
902
629
4
775
515
961
613
746
383
168
40
916
706
546
693
15
464
415
378
517
586
838
360
532
556
334
730
424
340
8
511
965
224
689
830
847
283
60
222
44
565
908
709
32
648
370
277
712
93
1006
702
184
447
875
118
224
478
220
466
272
447
834
794
132
362
36
553
716
424
434
21
70
400
64
772
301
810
370
675
414
460
676
852
19
742
0
201
847
309
177
187
59
771
640
83
835
876
315
51
381
539
239
690
735
820
239
69
997
887
341
403
452
890
800
198
62
619
660
979
334
521
66
703
218
247
660
719
197
922
67
322
183
94
373
168
241
6
994
216
89
362
815
13
963
112
341
316
450
711
907
331
749
805
710
905
475
670
970
130
463
372
912
294
389
834
716
93
645
243
4
66
924
979
882
224
303
109
163
576
272
639
633
618
545
231
526
841
794
17
963
922
609
253
167
330
32
759
111
399
292
543
64
386
914
631
573
279
320
885
679
169
595
791
733
224
891
951
85
576
600
109
924
496
974
437
525
971
976
478
914
539
468
519
50
933
672
723
144
83
796
510
642
