0
982136481
567662210
859435754
929075315
515155084
17158868
153135760
267448251
753528137
90881396
817007035
728897050
271847047
100365528
520109521
53960838
199946646
86519459
98888448
569674483
637318971
5639752
932698639
397262499
523584431
247768920
327837288
252382413
116646349
102189302
335592454
615496571
114267169
1061208
906880154
905826648
755822558
734661958
665235179
523932179
691794643
508829610
557784218
594938129
528633633
974910622
36424276
492555136
263860141
233446658
74997025
8581317
643729206
868002161
390311396
13968629
616817357
823622646
905799754
327104488
141737953
70293696
757270585
827091655
258083790
747157705
272006077
846896820
677090628
191180861
58489965
62652547
671727075
848432778
297472821
367308215
379676429
953663219
989043037
423359450
951125130
438131842
376961051
204633944
880939332
363367326
270415833
573828539
929989743
741043625
814693583
523456287
598080274
378751172
128867119
595065960
81151351
581839515
763712738
