0
982136481
567662210
859435754
929075315
515155084
17158868
153135760
267448251
753528137
90881396
817007035
728897050
271847047
100365528
520109521
53960838
199946646
86519459
98888448
569674483
637318971
5639752
932698639
397262499
523584431
247768920
327837288
252382413
116646349
102189302
335592454
615496571
114267169
1061208
906880154
905826648
755822558
734661958
665235179
523932179
691794643
508829610
557784218
594938129
528633633
974910622
